#
# There is insufficient memory for the Java Runtime Environment to continue.
# Native memory allocation (malloc) failed to allocate 32744 bytes for ChunkPool::allocate
# Possible reasons:
#   The system is out of physical RAM or swap space
#   The process is running with CompressedOops enabled, and the Java Heap may be blocking the growth of the native heap
# Possible solutions:
#   Reduce memory load on the system
#   Increase physical memory or swap space
#   Check if swap backing store is full
#   Decrease Java heap size (-Xmx/-Xms)
#   Decrease number of Java threads
#   Decrease Java thread stack sizes (-Xss)
#   Set larger code cache with -XX:ReservedCodeCacheSize=
#   JVM is running with Zero Based Compressed Oops mode in which the Java heap is
#     placed in the first 32GB address space. The Java Heap base address is the
#     maximum limit for the native heap growth. Please use -XX:HeapBaseMinAddress
#     to set the Java Heap base and to place the Java Heap above 32GB virtual address.
# This output file may be truncated or incomplete.
#
#  Out of Memory Error (arena.cpp:78), pid=3988, tid=5124
#
# JRE version: Java(TM) SE Runtime Environment (17.0.12+8) (build 17.0.12+8-LTS-286)
# Java VM: Java HotSpot(TM) 64-Bit Server VM (17.0.12+8-LTS-286, mixed mode, sharing, tiered, compressed oops, compressed class ptrs, g1 gc, windows-amd64)
# No core dump will be written. Minidumps are not enabled by default on client versions of Windows
#

---------------  S U M M A R Y ------------

Command Line: com.mycompany.sistemaderolesypermisos.SistemaDeRolesyPermisos

Host: 11th Gen Intel(R) Core(TM) i7-11800H @ 2.30GHz, 16 cores, 23G,  Windows 11 , 64 bit Build 22621 (10.0.22621.3958)
Time: Thu Oct 24 18:38:41 2024 SA Pacific Standard Time elapsed time: 107.897243 seconds (0d 0h 1m 47s)

---------------  T H R E A D  ---------------

Current thread (0x000002607f4ca210):  JavaThread "C2 CompilerThread0" daemon [_thread_in_native, id=5124, stack(0x0000009c0a500000,0x0000009c0a600000)]


Current CompileTask:
C2: 107897 2351       4      
[error occurred during error reporting (printing current compile task), id 0xe0000001, Out of Memory Error (s\open\src\hotspot\share\memory\arena.cpp:78)]

Stack: [0x0000009c0a500000,0x0000009c0a600000]
Native frames: (J=compiled Java code, j=interpreted, Vv=VM code, C=native code)
V  [jvm.dll+0x67a04a]
V  [jvm.dll+0x7da4ed]
V  [jvm.dll+0x7dbe33]
V  [jvm.dll+0x7dc4a3]
V  [jvm.dll+0x24508f]
V  [jvm.dll+0xab9a4]
V  [jvm.dll+0xabd3c]
V  [jvm.dll+0x74786c]
V  [jvm.dll+0x747959]
V  [jvm.dll+0x62f9e9]
V  [jvm.dll+0x22b4b6]
V  [jvm.dll+0x7da388]
V  [jvm.dll+0x7dbe33]
V  [jvm.dll+0x7dc4a3]
V  [jvm.dll+0x24508f]
V  [jvm.dll+0xab9a4]
V  [jvm.dll+0xabd3c]
V  [jvm.dll+0x581b09]
V  [jvm.dll+0x21f422]
V  [jvm.dll+0x21837b]
V  [jvm.dll+0x215b65]
V  [jvm.dll+0x1a2960]
V  [jvm.dll+0x22610b]
V  [jvm.dll+0x2242ab]
V  [jvm.dll+0x79075c]
V  [jvm.dll+0x78abea]
V  [jvm.dll+0x678f35]
C  [ucrtbase.dll+0x29333]
C  [KERNEL32.DLL+0x1257d]
C  [ntdll.dll+0x5af08]


---------------  P R O C E S S  ---------------

Threads class SMR info:
_java_thread_list=0x0000026062c5c5b0, length=19, elements={
0x000002607f4ad560, 0x000002607f4ae120, 0x000002607f4c24c0, 0x000002607f4c3080,
0x000002607f4c7e70, 0x000002607f4c8a40, 0x000002607f4ca210, 0x000002607f4dc240,
0x000002607f4dd050, 0x000002605c189e30, 0x000002605c18ad60, 0x000002605c18a850,
0x000002605c18bc90, 0x000002605c18a340, 0x000002605c189410, 0x000002605c18c6b0,
0x0000026062cf9c90, 0x0000026062cfa6b0, 0x0000026062c35640
}

Java Threads: ( => current thread )
  0x000002607f4ad560 JavaThread "Reference Handler" daemon [_thread_blocked, id=7532, stack(0x0000009c09f00000,0x0000009c0a000000)]
  0x000002607f4ae120 JavaThread "Finalizer" daemon [_thread_blocked, id=18624, stack(0x0000009c0a000000,0x0000009c0a100000)]
  0x000002607f4c24c0 JavaThread "Signal Dispatcher" daemon [_thread_blocked, id=22976, stack(0x0000009c0a100000,0x0000009c0a200000)]
  0x000002607f4c3080 JavaThread "Attach Listener" daemon [_thread_blocked, id=11460, stack(0x0000009c0a200000,0x0000009c0a300000)]
  0x000002607f4c7e70 JavaThread "Service Thread" daemon [_thread_blocked, id=14268, stack(0x0000009c0a300000,0x0000009c0a400000)]
  0x000002607f4c8a40 JavaThread "Monitor Deflation Thread" daemon [_thread_blocked, id=26640, stack(0x0000009c0a400000,0x0000009c0a500000)]
=>0x000002607f4ca210 JavaThread "C2 CompilerThread0" daemon [_thread_in_native, id=5124, stack(0x0000009c0a500000,0x0000009c0a600000)]
  0x000002607f4dc240 JavaThread "C1 CompilerThread0" daemon [_thread_blocked, id=23124, stack(0x0000009c0a600000,0x0000009c0a700000)]
  0x000002607f4dd050 JavaThread "Sweeper thread" daemon [_thread_blocked, id=13408, stack(0x0000009c0a700000,0x0000009c0a800000)]
  0x000002605c189e30 JavaThread "Notification Thread" daemon [_thread_blocked, id=7824, stack(0x0000009c0a900000,0x0000009c0aa00000)]
  0x000002605c18ad60 JavaThread "Common-Cleaner" daemon [_thread_blocked, id=27588, stack(0x0000009c0ab00000,0x0000009c0ac00000)]
  0x000002605c18a850 JavaThread "Java2D Disposer" daemon [_thread_blocked, id=19396, stack(0x0000009c0ac00000,0x0000009c0ad00000)]
  0x000002605c18bc90 JavaThread "AWT-Shutdown" [_thread_blocked, id=20984, stack(0x0000009c0ad00000,0x0000009c0ae00000)]
  0x000002605c18a340 JavaThread "AWT-Windows" daemon [_thread_in_native, id=22720, stack(0x0000009c0ae00000,0x0000009c0af00000)]
  0x000002605c189410 JavaThread "mysql-cj-abandoned-connection-cleanup" daemon [_thread_blocked, id=27068, stack(0x0000009c0ba00000,0x0000009c0bb00000)]
  0x000002605c18c6b0 JavaThread "AWT-EventQueue-0" [_thread_blocked, id=23380, stack(0x0000009c0bf00000,0x0000009c0c000000)]
  0x0000026062cf9c90 JavaThread "DestroyJavaVM" [_thread_blocked, id=15312, stack(0x0000009c09800000,0x0000009c09900000)]
  0x0000026062cfa6b0 JavaThread "TimerQueue" daemon [_thread_blocked, id=13296, stack(0x0000009c0c500000,0x0000009c0c600000)]
  0x0000026062c35640 JavaThread "C1 CompilerThread1" daemon [_thread_blocked, id=14076, stack(0x0000009c09500000,0x0000009c09600000)]

Other Threads:
  0x000002607f4a66a0 VMThread "VM Thread" [stack: 0x0000009c09e00000,0x0000009c09f00000] [id=13432]
  0x000002605c18f3f0 WatcherThread [stack: 0x0000009c0aa00000,0x0000009c0ab00000] [id=5360]
  0x00000260723f21b0 GCTaskThread "GC Thread#0" [stack: 0x0000009c09900000,0x0000009c09a00000] [id=15168]
  0x000002605ca447d0 GCTaskThread "GC Thread#1" [stack: 0x0000009c0b100000,0x0000009c0b200000] [id=20924]
  0x000002605ca4f300 GCTaskThread "GC Thread#2" [stack: 0x0000009c0b200000,0x0000009c0b300000] [id=15952]
  0x000002605cb5bc60 GCTaskThread "GC Thread#3" [stack: 0x0000009c0b300000,0x0000009c0b400000] [id=19280]
  0x000002605cb5bf20 GCTaskThread "GC Thread#4" [stack: 0x0000009c0b400000,0x0000009c0b500000] [id=2704]
  0x000002605c746150 GCTaskThread "GC Thread#5" [stack: 0x0000009c0b500000,0x0000009c0b600000] [id=25028]
  0x000002605c746410 GCTaskThread "GC Thread#6" [stack: 0x0000009c0b600000,0x0000009c0b700000] [id=23748]
  0x000002605cb20c60 GCTaskThread "GC Thread#7" [stack: 0x0000009c0b700000,0x0000009c0b800000] [id=1916]
  0x000002605c698ab0 GCTaskThread "GC Thread#8" [stack: 0x0000009c0b800000,0x0000009c0b900000] [id=25480]
  0x0000026062ab3c30 GCTaskThread "GC Thread#9" [stack: 0x0000009c0bb00000,0x0000009c0bc00000] [id=18820]
  0x0000026062aead50 GCTaskThread "GC Thread#10" [stack: 0x0000009c0bc00000,0x0000009c0bd00000] [id=25460]
  0x00000260629f6490 GCTaskThread "GC Thread#11" [stack: 0x0000009c0bd00000,0x0000009c0be00000] [id=7436]
  0x00000260629f6750 GCTaskThread "GC Thread#12" [stack: 0x0000009c0be00000,0x0000009c0bf00000] [id=9868]
  0x00000260723fef40 ConcurrentGCThread "G1 Main Marker" [stack: 0x0000009c09a00000,0x0000009c09b00000] [id=5980]
  0x00000260723ff950 ConcurrentGCThread "G1 Conc#0" [stack: 0x0000009c09b00000,0x0000009c09c00000] [id=11684]
  0x0000026062babc70 ConcurrentGCThread "G1 Conc#1" [stack: 0x0000009c0c000000,0x0000009c0c100000] [id=23516]
  0x0000026062b6c070 ConcurrentGCThread "G1 Conc#2" [stack: 0x0000009c0c100000,0x0000009c0c200000] [id=23452]
  0x000002607f3e6960 ConcurrentGCThread "G1 Refine#0" [stack: 0x0000009c09c00000,0x0000009c09d00000] [id=19040]
  0x000002607f3e7390 ConcurrentGCThread "G1 Service" [stack: 0x0000009c09d00000,0x0000009c09e00000] [id=12236]

Threads with active compile tasks:
C2 CompilerThread0   107908 2351       4       java.awt.Container::findComponentAtImpl (161 bytes)

VM state: not at safepoint (normal execution)

VM Mutex/Monitor currently owned by a thread: None

Heap address: 0x0000000683800000, size: 6088 MB, Compressed Oops mode: Zero based, Oop shift amount: 3

CDS archive(s) mapped at: [0x000002601b000000-0x000002601bbd0000-0x000002601bbd0000), size 12386304, SharedBaseAddress: 0x000002601b000000, ArchiveRelocationMode: 1.
Compressed class space mapped at: 0x000002601c000000-0x000002605c000000, reserved size: 1073741824
Narrow klass base: 0x000002601b000000, Narrow klass shift: 0, Narrow klass range: 0x100000000

GC Precious Log:
 CPUs: 16 total, 16 available
 Memory: 24343M
 Large Page Support: Disabled
 NUMA Support: Disabled
 Compressed Oops: Enabled (Zero based)
 Heap Region Size: 4M
 Heap Min Capacity: 8M
 Heap Initial Capacity: 384M
 Heap Max Capacity: 6088M
 Pre-touch: Disabled
 Parallel Workers: 13
 Concurrent Workers: 3
 Concurrent Refinement Workers: 13
 Periodic GC: Disabled

Heap:
 garbage-first heap   total 40960K, used 19277K [0x0000000683800000, 0x0000000800000000)
  region size 4096K, 2 young (8192K), 1 survivors (4096K)
 Metaspace       used 25402K, committed 25600K, reserved 1114112K
  class space    used 2814K, committed 2944K, reserved 1048576K

Heap Regions: E=young(eden), S=young(survivor), O=old, HS=humongous(starts), HC=humongous(continues), CS=collection set, F=free, OA=open archive, CA=closed archive, TAMS=top-at-mark-start (previous, next)
|   0|0x0000000683800000, 0x0000000683b47000, 0x0000000683c00000| 81%| O|  |TAMS 0x0000000683b47000, 0x0000000683800000| Complete 
|   1|0x0000000683c00000, 0x0000000684000000, 0x0000000684000000|100%|HS|  |TAMS 0x0000000683c00000, 0x0000000683c00000| Complete 
|   2|0x0000000684000000, 0x0000000684400000, 0x0000000684400000|100%|HS|  |TAMS 0x0000000684000000, 0x0000000684000000| Complete 
|   3|0x0000000684400000, 0x0000000684800000, 0x0000000684800000|100%|HC|  |TAMS 0x0000000684400000, 0x0000000684400000| Complete 
|   4|0x0000000684800000, 0x0000000684a0f200, 0x0000000684c00000| 51%| O|  |TAMS 0x0000000684800000, 0x0000000684800000| Untracked 
|   5|0x0000000684c00000, 0x0000000684d7d4b0, 0x0000000685000000| 37%| S|CS|TAMS 0x0000000684c00000, 0x0000000684c00000| Complete 
|   6|0x0000000685000000, 0x0000000685000000, 0x0000000685400000|  0%| F|  |TAMS 0x0000000685000000, 0x0000000685000000| Untracked 
|   7|0x0000000685400000, 0x0000000685400000, 0x0000000685800000|  0%| F|  |TAMS 0x0000000685400000, 0x0000000685400000| Untracked 
|  93|0x000000069ac00000, 0x000000069ac00000, 0x000000069b000000|  0%| F|  |TAMS 0x000000069ac00000, 0x000000069ac00000| Untracked 
|  95|0x000000069b400000, 0x000000069b5d2ac8, 0x000000069b800000| 45%| E|  |TAMS 0x000000069b400000, 0x000000069b400000| Complete 

Card table byte_map: [0x000002607b090000,0x000002607bc80000] _byte_map_base: 0x0000026077c74000

Marking Bits (Prev, Next): (CMBitMap*) 0x00000260723f2810, (CMBitMap*) 0x00000260723f27d0
 Prev Bits: [0x0000026014f20000, 0x000002601ae40000)
 Next Bits: [0x000002600f000000, 0x0000026014f20000)

Polling page: 0x0000026070360000

Metaspace:

Usage:
  Non-class:     22.06 MB used.
      Class:      2.75 MB used.
       Both:     24.81 MB used.

Virtual space:
  Non-class space:       64.00 MB reserved,      22.12 MB ( 35%) committed,  1 nodes.
      Class space:        1.00 GB reserved,       2.88 MB ( <1%) committed,  1 nodes.
             Both:        1.06 GB reserved,      25.00 MB (  2%) committed. 

Chunk freelists:
   Non-Class:  9.00 MB
       Class:  13.12 MB
        Both:  22.12 MB

MaxMetaspaceSize: unlimited
CompressedClassSpaceSize: 1.00 GB
Initial GC threshold: 21.00 MB
Current GC threshold: 35.12 MB
CDS: on
MetaspaceReclaimPolicy: balanced
 - commit_granule_bytes: 65536.
 - commit_granule_words: 8192.
 - virtual_space_node_default_size: 8388608.
 - enlarge_chunks_in_place: 1.
 - new_chunks_are_fully_committed: 0.
 - uncommit_free_chunks: 1.
 - use_allocation_guard: 0.
 - handle_deallocations: 1.


Internal statistics:

num_allocs_failed_limit: 3.
num_arena_births: 172.
num_arena_deaths: 0.
num_vsnodes_births: 2.
num_vsnodes_deaths: 0.
num_space_committed: 400.
num_space_uncommitted: 0.
num_chunks_returned_to_freelist: 3.
num_chunks_taken_from_freelist: 663.
num_chunk_merges: 0.
num_chunk_splits: 501.
num_chunks_enlarged: 389.
num_inconsistent_stats: 0.

CodeHeap 'non-profiled nmethods': size=119168Kb used=645Kb max_used=645Kb free=118522Kb
 bounds [0x0000026007ba0000, 0x0000026007e10000, 0x000002600f000000]
CodeHeap 'profiled nmethods': size=119104Kb used=4623Kb max_used=4623Kb free=114480Kb
 bounds [0x0000026000000000, 0x0000026000490000, 0x0000026007450000]
CodeHeap 'non-nmethods': size=7488Kb used=1923Kb max_used=3043Kb free=5564Kb
 bounds [0x0000026007450000, 0x0000026007750000, 0x0000026007ba0000]
 total_blobs=3046 nmethods=2349 adapters=608
 compilation: enabled
              stopped_count=0, restarted_count=0
 full_count=0

Compilation events (20 events):
Event: 107.778 Thread 0x0000026062c35640 2340       1       java.awt.image.BufferedImage::getRaster (5 bytes)
Event: 107.778 Thread 0x000002607f4dc240 nmethod 2341 0x0000026007c40290 code [0x0000026007c40420, 0x0000026007c404f8]
Event: 107.778 Thread 0x000002607f4dc240 2344       1       java.awt.Image::getAccelerationPriority (5 bytes)
Event: 107.778 Thread 0x000002607f4dc240 nmethod 2344 0x0000026007c40590 code [0x0000026007c40720, 0x0000026007c407f8]
Event: 107.778 Thread 0x000002607f4dc240 2343       1       sun.awt.image.BufImgVolatileSurfaceManager::isAccelerationEnabled (2 bytes)
Event: 107.778 Thread 0x000002607f4dc240 nmethod 2343 0x0000026007c40890 code [0x0000026007c40a20, 0x0000026007c40af8]
Event: 107.778 Thread 0x000002607f4dc240 2345       1       java.awt.AlphaComposite::getRule (5 bytes)
Event: 107.778 Thread 0x0000026062c35640 nmethod 2340 0x0000026007c40b90 code [0x0000026007c40d20, 0x0000026007c40df8]
Event: 107.778 Thread 0x0000026062c35640 2346       1       java.awt.AlphaComposite::getAlpha (5 bytes)
Event: 107.778 Thread 0x000002607f4dc240 nmethod 2345 0x0000026007c40e90 code [0x0000026007c41020, 0x0000026007c410f8]
Event: 107.778 Thread 0x0000026062c35640 nmethod 2346 0x0000026007c41190 code [0x0000026007c41320, 0x0000026007c413f8]
Event: 107.797 Thread 0x0000026062c35640 2347       3       sun.awt.NullComponentPeer::handleEvent (1 bytes)
Event: 107.797 Thread 0x0000026062c35640 nmethod 2347 0x0000026000480f90 code [0x0000026000481120, 0x0000026000481238]
Event: 107.822 Thread 0x000002607f4dc240 2348       3       java.awt.Container::processEvent (22 bytes)
Event: 107.822 Thread 0x0000026062c35640 2349       3       java.awt.Component::processEvent (220 bytes)
Event: 107.823 Thread 0x000002607f4dc240 nmethod 2348 0x0000026000481310 code [0x00000260004814e0, 0x0000026000481918]
Event: 107.823 Thread 0x0000026062c35640 nmethod 2349 0x0000026000481a10 code [0x0000026000481d00, 0x0000026000483928]
Event: 107.838 Thread 0x0000026062c35640 2350       3       java.awt.event.InputEvent$1::canAccessSystemClipboard (5 bytes)
Event: 107.838 Thread 0x0000026062c35640 nmethod 2350 0x0000026000483c10 code [0x0000026000483da0, 0x0000026000483eb8]
Event: 107.894 Thread 0x000002607f4ca210 2351       4       java.awt.Container::findComponentAtImpl (161 bytes)

GC Heap History (8 events):
Event: 0.308 GC heap before
{Heap before GC invocations=0 (full 0):
 garbage-first heap   total 393216K, used 16384K [0x0000000683800000, 0x0000000800000000)
  region size 4096K, 5 young (20480K), 0 survivors (0K)
 Metaspace       used 10156K, committed 10368K, reserved 1114112K
  class space    used 1017K, committed 1152K, reserved 1048576K
}
Event: 0.311 GC heap after
{Heap after GC invocations=1 (full 0):
 garbage-first heap   total 393216K, used 3613K [0x0000000683800000, 0x0000000800000000)
  region size 4096K, 1 young (4096K), 1 survivors (4096K)
 Metaspace       used 10156K, committed 10368K, reserved 1114112K
  class space    used 1017K, committed 1152K, reserved 1048576K
}
Event: 0.537 GC heap before
{Heap before GC invocations=1 (full 0):
 garbage-first heap   total 393216K, used 24093K [0x0000000683800000, 0x0000000800000000)
  region size 4096K, 6 young (24576K), 1 survivors (4096K)
 Metaspace       used 17216K, committed 17408K, reserved 1114112K
  class space    used 1829K, committed 1920K, reserved 1048576K
}
Event: 0.540 GC heap after
{Heap after GC invocations=2 (full 0):
 garbage-first heap   total 393216K, used 5697K [0x0000000683800000, 0x0000000800000000)
  region size 4096K, 1 young (4096K), 1 survivors (4096K)
 Metaspace       used 17216K, committed 17408K, reserved 1114112K
  class space    used 1829K, committed 1920K, reserved 1048576K
}
Event: 0.662 GC heap before
{Heap before GC invocations=2 (full 0):
 garbage-first heap   total 393216K, used 9793K [0x0000000683800000, 0x0000000800000000)
  region size 4096K, 3 young (12288K), 1 survivors (4096K)
 Metaspace       used 21304K, committed 21504K, reserved 1114112K
  class space    used 2334K, committed 2432K, reserved 1048576K
}
Event: 0.664 GC heap after
{Heap after GC invocations=3 (full 0):
 garbage-first heap   total 393216K, used 6215K [0x0000000683800000, 0x0000000800000000)
  region size 4096K, 1 young (4096K), 1 survivors (4096K)
 Metaspace       used 21304K, committed 21504K, reserved 1114112K
  class space    used 2334K, committed 2432K, reserved 1048576K
}
Event: 10.020 GC heap before
{Heap before GC invocations=4 (full 0):
 garbage-first heap   total 40960K, used 26695K [0x0000000683800000, 0x0000000800000000)
  region size 4096K, 4 young (16384K), 1 survivors (4096K)
 Metaspace       used 25168K, committed 25408K, reserved 1114112K
  class space    used 2805K, committed 2944K, reserved 1048576K
}
Event: 10.023 GC heap after
{Heap after GC invocations=5 (full 0):
 garbage-first heap   total 40960K, used 19277K [0x0000000683800000, 0x0000000800000000)
  region size 4096K, 1 young (4096K), 1 survivors (4096K)
 Metaspace       used 25168K, committed 25408K, reserved 1114112K
  class space    used 2805K, committed 2944K, reserved 1048576K
}

Deoptimization events (20 events):
Event: 4.932 Thread 0x000002605c18c6b0 DEOPT PACKING pc=0x0000026007bbf0a4 sp=0x0000009c0bffe530
Event: 4.932 Thread 0x000002605c18c6b0 DEOPT UNPACKING pc=0x00000260074a5ba3 sp=0x0000009c0bffe4d8 mode 2
Event: 5.278 Thread 0x000002605c18c6b0 Uncommon trap: trap_request=0xffffffde fr.pc=0x0000026007bbf0a4 relative=0x00000000000001a4
Event: 5.278 Thread 0x000002605c18c6b0 Uncommon trap: reason=class_check action=maybe_recompile pc=0x0000026007bbf0a4 method=java.lang.String.equals(Ljava/lang/Object;)Z @ 8 c2
Event: 5.278 Thread 0x000002605c18c6b0 DEOPT PACKING pc=0x0000026007bbf0a4 sp=0x0000009c0bffe5c0
Event: 5.278 Thread 0x000002605c18c6b0 DEOPT UNPACKING pc=0x00000260074a5ba3 sp=0x0000009c0bffe568 mode 2
Event: 5.278 Thread 0x000002605c18c6b0 Uncommon trap: trap_request=0xffffffde fr.pc=0x0000026007bbf0a4 relative=0x00000000000001a4
Event: 5.278 Thread 0x000002605c18c6b0 Uncommon trap: reason=class_check action=maybe_recompile pc=0x0000026007bbf0a4 method=java.lang.String.equals(Ljava/lang/Object;)Z @ 8 c2
Event: 5.278 Thread 0x000002605c18c6b0 DEOPT PACKING pc=0x0000026007bbf0a4 sp=0x0000009c0bffe5c0
Event: 5.278 Thread 0x000002605c18c6b0 DEOPT UNPACKING pc=0x00000260074a5ba3 sp=0x0000009c0bffe568 mode 2
Event: 9.894 Thread 0x000002605c18c6b0 Uncommon trap: trap_request=0xffffff45 fr.pc=0x0000026007bf038c relative=0x000000000000152c
Event: 9.894 Thread 0x000002605c18c6b0 Uncommon trap: reason=unstable_if action=reinterpret pc=0x0000026007bf038c method=java.util.concurrent.ConcurrentHashMap.transfer([Ljava/util/concurrent/ConcurrentHashMap$Node;[Ljava/util/concurrent/ConcurrentHashMap$Node;)V @ 26 c2
Event: 9.894 Thread 0x000002605c18c6b0 DEOPT PACKING pc=0x0000026007bf038c sp=0x0000009c0bffa530
Event: 9.894 Thread 0x000002605c18c6b0 DEOPT UNPACKING pc=0x00000260074a5ba3 sp=0x0000009c0bffa4a0 mode 2
Event: 10.006 Thread 0x000002605c18c6b0 Uncommon trap: trap_request=0xffffff45 fr.pc=0x0000026007bd0498 relative=0x0000000000000278
Event: 10.006 Thread 0x000002605c18c6b0 Uncommon trap: reason=unstable_if action=reinterpret pc=0x0000026007bd0498 method=java.util.concurrent.ConcurrentHashMap.get(Ljava/lang/Object;)Ljava/lang/Object; @ 76 c2
Event: 10.006 Thread 0x000002605c18c6b0 DEOPT PACKING pc=0x0000026007bd0498 sp=0x0000009c0bffceb0
Event: 10.006 Thread 0x000002605c18c6b0 DEOPT UNPACKING pc=0x00000260074a5ba3 sp=0x0000009c0bffce28 mode 2
Event: 10.774 Thread 0x000002605c18c6b0 DEOPT PACKING pc=0x00000260003daa83 sp=0x0000009c0bffc1b0
Event: 10.774 Thread 0x000002605c18c6b0 DEOPT UNPACKING pc=0x00000260074a66e3 sp=0x0000009c0bffb620 mode 0

Classes unloaded (0 events):
No events

Classes redefined (0 events):
No events

Internal exceptions (20 events):
Event: 0.095 Thread 0x0000026072366450 Exception <a 'java/lang/NoSuchMethodError'{0x000000069b7c4a80}: 'java.lang.Object java.lang.invoke.DirectMethodHandle$Holder.invokeStaticInit(java.lang.Object)'> (0x000000069b7c4a80) 
thrown [s\open\src\hotspot\share\interpreter\linkResolver.cpp, line 759]
Event: 0.114 Thread 0x0000026072366450 Exception <a 'java/lang/NoSuchMethodError'{0x000000069b0789e0}: 'void java.lang.invoke.DirectMethodHandle$Holder.invokeSpecial(java.lang.Object, java.lang.Object, java.lang.Object)'> (0x000000069b0789e0) 
thrown [s\open\src\hotspot\share\interpreter\linkResolver.cpp, line 759]
Event: 0.118 Thread 0x0000026072366450 Exception <a 'java/lang/NoSuchMethodError'{0x000000069b0a2b48}: 'java.lang.Object java.lang.invoke.DirectMethodHandle$Holder.newInvokeSpecial(java.lang.Object, java.lang.Object, java.lang.Object, java.lang.Object, java.lang.Object)'> (0x000000069b0a2b48) 
thrown [s\open\src\hotspot\share\interpreter\linkResolver.cpp, line 759]
Event: 0.119 Thread 0x0000026072366450 Exception <a 'java/lang/NoSuchMethodError'{0x000000069b0ae510}: 'java.lang.Object java.lang.invoke.DirectMethodHandle$Holder.invokeStatic(java.lang.Object, int, java.lang.Object, java.lang.Object, java.lang.Object, java.lang.Object)'> (0x000000069b0ae510) 
thrown [s\open\src\hotspot\share\interpreter\linkResolver.cpp, line 759]
Event: 0.121 Thread 0x0000026072366450 Exception <a 'java/lang/NoSuchMethodError'{0x000000069b0d4078}: 'java.lang.Object java.lang.invoke.DirectMethodHandle$Holder.invokeStatic(java.lang.Object, int, java.lang.Object)'> (0x000000069b0d4078) 
thrown [s\open\src\hotspot\share\interpreter\linkResolver.cpp, line 759]
Event: 0.134 Thread 0x0000026072366450 Exception <a 'java/lang/ClassNotFoundException'{0x000000069b18beb8}: com/sun/swing/internal/plaf/metal/resources/spi/metalProvider> (0x000000069b18beb8) 
thrown [s\open\src\hotspot\share\classfile\systemDictionary.cpp, line 256]
Event: 0.134 Thread 0x0000026072366450 Exception <a 'java/lang/ClassNotFoundException'{0x000000069b18fd40}: com/sun/swing/internal/plaf/basic/resources/spi/basicProvider> (0x000000069b18fd40) 
thrown [s\open\src\hotspot\share\classfile\systemDictionary.cpp, line 256]
Event: 0.283 Thread 0x0000026072366450 Exception <a 'java/lang/NoSuchMethodError'{0x000000069a5c7050}: 'java.lang.Object java.lang.invoke.DirectMethodHandle$Holder.invokeInterface(java.lang.Object, java.lang.Object)'> (0x000000069a5c7050) 
thrown [s\open\src\hotspot\share\interpreter\linkResolver.cpp, line 759]
Event: 0.390 Thread 0x0000026072366450 Exception <a 'java/lang/NoClassDefFoundError'{0x000000069ae5d3d0}: javax/validation/Validation> (0x000000069ae5d3d0) 
thrown [s\open\src\hotspot\share\classfile\systemDictionary.cpp, line 245]
Event: 0.409 Thread 0x0000026072366450 Exception <a 'sun/nio/fs/WindowsException'{0x000000069af68f68}> (0x000000069af68f68) 
thrown [s\open\src\hotspot\share\prims\jni.cpp, line 516]
Event: 0.418 Thread 0x0000026072366450 Exception <a 'java/lang/NoSuchMethodError'{0x000000069afc2618}: 'void java.lang.invoke.DirectMethodHandle$Holder.invokeStatic(java.lang.Object, java.lang.Object)'> (0x000000069afc2618) 
thrown [s\open\src\hotspot\share\interpreter\linkResolver.cpp, line 759]
Event: 0.420 Thread 0x0000026072366450 Exception <a 'java/lang/NoSuchMethodError'{0x000000069afcf6a0}: 'java.lang.Object java.lang.invoke.DirectMethodHandle$Holder.invokeStaticInit(java.lang.Object, int, int, int, int)'> (0x000000069afcf6a0) 
thrown [s\open\src\hotspot\share\interpreter\linkResolver.cpp, line 759]
Event: 0.453 Thread 0x0000026072366450 Exception <a 'java/lang/NoSuchMethodError'{0x000000069a9bc238}: 'void java.lang.invoke.DirectMethodHandle$Holder.invokeStatic(java.lang.Object, java.lang.Object, java.lang.Object)'> (0x000000069a9bc238) 
thrown [s\open\src\hotspot\share\interpreter\linkResolver.cpp, line 759]
Event: 0.454 Thread 0x0000026072366450 Exception <a 'java/lang/NoSuchMethodError'{0x000000069a9c6548}: 'java.lang.Object java.lang.invoke.DirectMethodHandle$Holder.invokeVirtual(java.lang.Object, java.lang.Object, java.lang.Object)'> (0x000000069a9c6548) 
thrown [s\open\src\hotspot\share\interpreter\linkResolver.cpp, line 759]
Event: 0.553 Thread 0x0000026072366450 Exception <a 'java/lang/NoSuchMethodError'{0x000000069b4ab078}: 'void java.lang.invoke.DirectMethodHandle$Holder.invokeStaticInit(java.lang.Object, java.lang.Object)'> (0x000000069b4ab078) 
thrown [s\open\src\hotspot\share\interpreter\linkResolver.cpp, line 759]
Event: 0.555 Thread 0x0000026072366450 Exception <a 'java/lang/NoSuchMethodError'{0x000000069b4c34a0}: 'void java.lang.invoke.DirectMethodHandle$Holder.invokeInterface(java.lang.Object, java.lang.Object)'> (0x000000069b4c34a0) 
thrown [s\open\src\hotspot\share\interpreter\linkResolver.cpp, line 759]
Event: 0.634 Thread 0x000002605c18a340 Exception <a 'java/lang/NoSuchMethodError'{0x000000069b2ad838}: 'void java.lang.invoke.DirectMethodHandle$Holder.invokeVirtual(java.lang.Object, java.lang.Object)'> (0x000000069b2ad838) 
thrown [s\open\src\hotspot\share\interpreter\linkResolver.cpp, line 759]
Event: 0.644 Thread 0x0000026072366450 Exception <a 'java/lang/NoSuchMethodError'{0x000000069b155560}: 'void java.lang.invoke.DirectMethodHandle$Holder.invokeStaticInit(java.lang.Object)'> (0x000000069b155560) 
thrown [s\open\src\hotspot\share\interpreter\linkResolver.cpp, line 759]
Event: 9.953 Thread 0x0000026062cfc510 Exception <a 'java/lang/NoSuchMethodError'{0x00000006852d6bc8}: 'java.lang.Object java.lang.invoke.DirectMethodHandle$Holder.newInvokeSpecial(java.lang.Object, java.lang.Object, java.lang.Object, int, int, int, int, int)'> (0x00000006852d6bc8) 
thrown [s\open\src\hotspot\share\interpreter\linkResolver.cpp, line 759]
Event: 9.985 Thread 0x000002605c18c6b0 Exception <a 'java/lang/NoSuchMethodError'{0x000000068529dab0}: 'int java.lang.invoke.DirectMethodHandle$Holder.invokeStatic(java.lang.Object)'> (0x000000068529dab0) 
thrown [s\open\src\hotspot\share\interpreter\linkResolver.cpp, line 759]

VM Operations (20 events):
Event: 7.793 Executing VM operation: Cleanup
Event: 7.793 Executing VM operation: Cleanup done
Event: 8.803 Executing VM operation: Cleanup
Event: 8.804 Executing VM operation: Cleanup done
Event: 9.804 Executing VM operation: Cleanup
Event: 9.804 Executing VM operation: Cleanup done
Event: 9.950 Executing VM operation: HandshakeAllThreads
Event: 9.950 Executing VM operation: HandshakeAllThreads done
Event: 10.020 Executing VM operation: G1CollectForAllocation
Event: 10.023 Executing VM operation: G1CollectForAllocation done
Event: 11.028 Executing VM operation: Cleanup
Event: 11.028 Executing VM operation: Cleanup done
Event: 12.030 Executing VM operation: Cleanup
Event: 12.030 Executing VM operation: Cleanup done
Event: 60.017 Executing VM operation: HandshakeAllThreads
Event: 60.017 Executing VM operation: HandshakeAllThreads done
Event: 106.317 Executing VM operation: Cleanup
Event: 106.317 Executing VM operation: Cleanup done
Event: 107.326 Executing VM operation: Cleanup
Event: 107.326 Executing VM operation: Cleanup done

Events (20 events):
Event: 10.000 loading class sun/awt/image/BufImgSurfaceManager done
Event: 10.012 loading class jdk/internal/reflect/BootstrapConstructorAccessorImpl
Event: 10.012 loading class jdk/internal/reflect/BootstrapConstructorAccessorImpl done
Event: 10.023 loading class javax/swing/table/TableColumn
Event: 10.024 loading class javax/swing/table/TableColumn done
Event: 10.024 loading class javax/swing/event/SwingPropertyChangeSupport
Event: 10.024 loading class javax/swing/event/SwingPropertyChangeSupport done
Event: 10.024 loading class javax/swing/event/TableColumnModelEvent
Event: 10.024 loading class javax/swing/event/TableColumnModelEvent done
Event: 10.029 loading class javax/swing/plaf/metal/MetalBorders$TableHeaderBorder
Event: 10.029 loading class javax/swing/plaf/metal/MetalBorders$TableHeaderBorder done
Event: 10.034 loading class javax/swing/JTable$PrintMode
Event: 10.034 loading class javax/swing/JTable$PrintMode done
Event: 10.034 loading class javax/swing/table/DefaultTableCellRenderer$UIResource
Event: 10.035 loading class javax/swing/table/DefaultTableCellRenderer$UIResource done
Event: 10.766 Thread 0x000002605c218260 Thread exited: 0x000002605c218260
Event: 11.356 loading class sun/awt/SunToolkit$1
Event: 11.356 loading class sun/awt/SunToolkit$1 done
Event: 14.964 Thread 0x0000026062cfc510 Thread exited: 0x0000026062cfc510
Event: 107.778 Thread 0x0000026062c35640 Thread added: 0x0000026062c35640


Dynamic libraries:
0x00007ff7aedd0000 - 0x00007ff7aede0000 	C:\Program Files\Java\jdk-17\bin\java.exe
0x00007ffaad3d0000 - 0x00007ffaad5e7000 	C:\Windows\SYSTEM32\ntdll.dll
0x00007ffaabb20000 - 0x00007ffaabbe4000 	C:\Windows\System32\KERNEL32.DLL
0x00007ffaaa970000 - 0x00007ffaaad27000 	C:\Windows\System32\KERNELBASE.dll
0x00007ffaaa6e0000 - 0x00007ffaaa7f1000 	C:\Windows\System32\ucrtbase.dll
0x00007ffa89190000 - 0x00007ffa891ab000 	C:\Program Files\Java\jdk-17\bin\VCRUNTIME140.dll
0x00007ffa9d760000 - 0x00007ffa9d779000 	C:\Program Files\Java\jdk-17\bin\jli.dll
0x00007ffaab360000 - 0x00007ffaab412000 	C:\Windows\System32\ADVAPI32.dll
0x00007ffaac9a0000 - 0x00007ffaaca47000 	C:\Windows\System32\msvcrt.dll
0x00007ffaab810000 - 0x00007ffaab8b8000 	C:\Windows\System32\sechost.dll
0x00007ffaaafb0000 - 0x00007ffaaafd8000 	C:\Windows\System32\bcrypt.dll
0x00007ffaac5c0000 - 0x00007ffaac6d4000 	C:\Windows\System32\RPCRT4.dll
0x00007ffaab100000 - 0x00007ffaab2af000 	C:\Windows\System32\USER32.dll
0x00007ffaaaf10000 - 0x00007ffaaaf36000 	C:\Windows\System32\win32u.dll
0x00007ffa9cae0000 - 0x00007ffa9cd73000 	C:\Windows\WinSxS\amd64_microsoft.windows.common-controls_6595b64144ccf1df_6.0.22621.3672_none_2713b9d173822955\COMCTL32.dll
0x00007ffaab310000 - 0x00007ffaab339000 	C:\Windows\System32\GDI32.dll
0x00007ffaaafe0000 - 0x00007ffaab0f8000 	C:\Windows\System32\gdi32full.dll
0x00007ffaaadb0000 - 0x00007ffaaae4a000 	C:\Windows\System32\msvcp_win.dll
0x00007ffaa69a0000 - 0x00007ffaa69aa000 	C:\Windows\SYSTEM32\VERSION.dll
0x00007ffaabae0000 - 0x00007ffaabb11000 	C:\Windows\System32\IMM32.DLL
0x00007ffa8ba00000 - 0x00007ffa8ba0c000 	C:\Program Files\Java\jdk-17\bin\vcruntime140_1.dll
0x00007ffa52be0000 - 0x00007ffa52c6e000 	C:\Program Files\Java\jdk-17\bin\msvcp140.dll
0x00007ffa15200000 - 0x00007ffa15de0000 	C:\Program Files\Java\jdk-17\bin\server\jvm.dll
0x00007ffaab450000 - 0x00007ffaab458000 	C:\Windows\System32\PSAPI.DLL
0x00007ffa940e0000 - 0x00007ffa940e9000 	C:\Windows\SYSTEM32\WSOCK32.dll
0x00007ffa9ea10000 - 0x00007ffa9ea44000 	C:\Windows\SYSTEM32\WINMM.dll
0x00007ffaac770000 - 0x00007ffaac7e1000 	C:\Windows\System32\WS2_32.dll
0x00007ffaa97e0000 - 0x00007ffaa97f8000 	C:\Windows\SYSTEM32\kernel.appcore.dll
0x00007ffa89140000 - 0x00007ffa8914a000 	C:\Program Files\Java\jdk-17\bin\jimage.dll
0x00007ffaa7bb0000 - 0x00007ffaa7de2000 	C:\Windows\SYSTEM32\DBGHELP.DLL
0x00007ffaab480000 - 0x00007ffaab80e000 	C:\Windows\System32\combase.dll
0x00007ffaacd30000 - 0x00007ffaace07000 	C:\Windows\System32\OLEAUT32.dll
0x00007ffa800a0000 - 0x00007ffa800d2000 	C:\Windows\SYSTEM32\dbgcore.DLL
0x00007ffaaad30000 - 0x00007ffaaadab000 	C:\Windows\System32\bcryptPrimitives.dll
0x00007ffa60c30000 - 0x00007ffa60c55000 	C:\Program Files\Java\jdk-17\bin\java.dll
0x00007ffa523e0000 - 0x00007ffa524b7000 	C:\Program Files\Java\jdk-17\bin\jsvml.dll
0x00007ffaabd50000 - 0x00007ffaac5b9000 	C:\Windows\System32\SHELL32.dll
0x00007ffaa8610000 - 0x00007ffaa8f0f000 	C:\Windows\SYSTEM32\windows.storage.dll
0x00007ffaa84d0000 - 0x00007ffaa860f000 	C:\Windows\SYSTEM32\wintypes.dll
0x00007ffaad290000 - 0x00007ffaad389000 	C:\Windows\System32\SHCORE.dll
0x00007ffaaba80000 - 0x00007ffaabade000 	C:\Windows\System32\shlwapi.dll
0x00007ffaaa610000 - 0x00007ffaaa637000 	C:\Windows\SYSTEM32\profapi.dll
0x00007ffa69dd0000 - 0x00007ffa69de9000 	C:\Program Files\Java\jdk-17\bin\net.dll
0x00007ffaa6f20000 - 0x00007ffaa7056000 	C:\Windows\SYSTEM32\WINHTTP.dll
0x00007ffaa9c40000 - 0x00007ffaa9ca9000 	C:\Windows\system32\mswsock.dll
0x00007ffa68620000 - 0x00007ffa68636000 	C:\Program Files\Java\jdk-17\bin\nio.dll
0x00007ffa67980000 - 0x00007ffa67998000 	C:\Program Files\Java\jdk-17\bin\zip.dll
0x00007ffa49da0000 - 0x00007ffa49f31000 	C:\Program Files\Java\jdk-17\bin\awt.dll
0x00007ffaa65d0000 - 0x00007ffaa6667000 	C:\Windows\SYSTEM32\apphelp.dll
0x00007ffaa7910000 - 0x00007ffaa793b000 	C:\Windows\system32\DWMAPI.DLL
0x00007ffaa7680000 - 0x00007ffaa7731000 	C:\Windows\system32\uxtheme.dll
0x00007ffa93470000 - 0x00007ffa93570000 	C:\Windows\system32\opengl32.dll
0x00007ffa9a310000 - 0x00007ffa9a33d000 	C:\Windows\SYSTEM32\GLU32.dll
0x00007ffaa7980000 - 0x00007ffaa79b7000 	C:\Windows\SYSTEM32\dxcore.dll
0x00007ffaabbf0000 - 0x00007ffaabd50000 	C:\Windows\System32\MSCTF.dll
0x00007ffaacb80000 - 0x00007ffaacd25000 	C:\Windows\System32\ole32.dll
0x00007ffaa9250000 - 0x00007ffaa9352000 	C:\Windows\SYSTEM32\DNSAPI.dll
0x00007ffaa91e0000 - 0x00007ffaa920d000 	C:\Windows\SYSTEM32\IPHLPAPI.DLL
0x00007ffaab470000 - 0x00007ffaab479000 	C:\Windows\System32\NSI.dll
0x000000005b080000 - 0x000000005b0a6000 	C:\Program Files\Bonjour\mdnsNSP.dll
0x00007ffa9b930000 - 0x00007ffa9b93a000 	C:\Windows\System32\rasadhlp.dll
0x00007ffaa6670000 - 0x00007ffaa66f3000 	C:\Windows\System32\fwpuclnt.dll
0x00007ffa51800000 - 0x00007ffa51887000 	C:\Program Files\Java\jdk-17\bin\freetype.dll
0x00007ffa511f0000 - 0x00007ffa512d1000 	C:\Program Files\Java\jdk-17\bin\fontmanager.dll
0x00007ffaaca50000 - 0x00007ffaacb00000 	C:\Windows\System32\clbcatq.dll
0x00007ffaa7480000 - 0x00007ffaa7631000 	C:\Windows\SYSTEM32\WindowsCodecs.dll
0x00007ffa863a0000 - 0x00007ffa863fe000 	C:\Windows\system32\dataexchange.dll
0x00007ffaa1a60000 - 0x00007ffaa1d02000 	C:\Windows\system32\twinapi.appcore.dll
0x00007ffa87280000 - 0x00007ffa873c3000 	C:\Windows\SYSTEM32\textinputframework.dll
0x00007ffaa60d0000 - 0x00007ffaa6203000 	C:\Windows\SYSTEM32\CoreMessaging.dll
0x00007ffaa3070000 - 0x00007ffaa33dd000 	C:\Windows\SYSTEM32\CoreUIComponents.dll
0x00007ffaa9f70000 - 0x00007ffaa9f7c000 	C:\Windows\SYSTEM32\CRYPTBASE.DLL

dbghelp: loaded successfully - version: 4.0.5 - missing functions: none
symbol engine: initialized successfully - sym options: 0x614 - pdb path: .;C:\Program Files\Java\jdk-17\bin;C:\Windows\SYSTEM32;C:\Windows\WinSxS\amd64_microsoft.windows.common-controls_6595b64144ccf1df_6.0.22621.3672_none_2713b9d173822955;C:\Program Files\Java\jdk-17\bin\server;C:\Program Files\Bonjour

VM Arguments:
java_command: com.mycompany.sistemaderolesypermisos.SistemaDeRolesyPermisos
java_class_path (initial): C:\Users\JEFFERSON ALQUINGA\Documents\NetBeansProjects\SistemaDeRolesyPermisos\target\classes;C:\Users\JEFFERSON ALQUINGA\.m2\repository\com\mysql\mysql-connector-j\8.0.33\mysql-connector-j-8.0.33.jar;C:\Users\JEFFERSON ALQUINGA\.m2\repository\com\google\protobuf\protobuf-java\3.21.9\protobuf-java-3.21.9.jar;C:\Users\JEFFERSON ALQUINGA\.m2\repository\org\eclipse\persistence\org.eclipse.persistence.core\2.7.10\org.eclipse.persistence.core-2.7.10.jar;C:\Users\JEFFERSON ALQUINGA\.m2\repository\org\eclipse\persistence\org.eclipse.persistence.asm\9.2.0\org.eclipse.persistence.asm-9.2.0.jar;C:\Users\JEFFERSON ALQUINGA\.m2\repository\org\eclipse\persistence\org.eclipse.persistence.antlr\2.7.10\org.eclipse.persistence.antlr-2.7.10.jar;C:\Users\JEFFERSON ALQUINGA\.m2\repository\org\eclipse\persistence\org.eclipse.persistence.jpa\2.7.10\org.eclipse.persistence.jpa-2.7.10.jar;C:\Users\JEFFERSON ALQUINGA\.m2\repository\org\eclipse\persistence\org.eclipse.persistence.jpa.jpql\2.7.10\org.eclipse.persistence.jpa.jpql-2.7.10.jar;C:\Users\JEFFERSON ALQUINGA\.m2\repository\org\eclipse\persistence\org.eclipse.persistence.moxy\2.7.10\org.eclipse.persistence.moxy-2.7.10.jar;C:\Users\JEFFERSON ALQUINGA\.m2\repository\org\eclipse\persistence\jakarta.persistence\2.2.3\jakarta.persistence-2.2.3.jar
Launcher Type: SUN_STANDARD

[Global flags]
     intx CICompilerCount                          = 12                                        {product} {ergonomic}
     uint ConcGCThreads                            = 3                                         {product} {ergonomic}
     uint G1ConcRefinementThreads                  = 13                                        {product} {ergonomic}
   size_t G1HeapRegionSize                         = 4194304                                   {product} {ergonomic}
    uintx GCDrainStackTargetSize                   = 64                                        {product} {ergonomic}
   size_t InitialHeapSize                          = 402653184                                 {product} {ergonomic}
   size_t MarkStackSize                            = 4194304                                   {product} {ergonomic}
   size_t MaxHeapSize                              = 6383730688                                {product} {ergonomic}
   size_t MaxNewSize                               = 3829399552                                {product} {ergonomic}
   size_t MinHeapDeltaBytes                        = 4194304                                   {product} {ergonomic}
   size_t MinHeapSize                              = 8388608                                   {product} {ergonomic}
    uintx NonNMethodCodeHeapSize                   = 7602480                                {pd product} {ergonomic}
    uintx NonProfiledCodeHeapSize                  = 122027880                              {pd product} {ergonomic}
    uintx ProfiledCodeHeapSize                     = 122027880                              {pd product} {ergonomic}
    uintx ReservedCodeCacheSize                    = 251658240                              {pd product} {ergonomic}
     bool SegmentedCodeCache                       = true                                      {product} {ergonomic}
   size_t SoftMaxHeapSize                          = 6383730688                             {manageable} {ergonomic}
     bool UseCompressedClassPointers               = true                           {product lp64_product} {ergonomic}
     bool UseCompressedOops                        = true                           {product lp64_product} {ergonomic}
     bool UseG1GC                                  = true                                      {product} {ergonomic}
     bool UseLargePagesIndividualAllocation        = false                                  {pd product} {ergonomic}

Logging:
Log output configuration:
 #0: stdout all=warning uptime,level,tags
 #1: stderr all=off uptime,level,tags

Environment Variables:
JAVA_HOME=C:\Program Files\Java\jdk-17
PATH=C:\Python312\Scripts\;C:\Python312\;C:\Program Files\Common Files\Oracle\Java\javapath;C:\Windows\system32;C:\Windows;C:\Windows\System32\Wbem;C:\Windows\System32\WindowsPowerShell\v1.0\;C:\Windows\System32\OpenSSH\;C:\Program Files (x86)\NVIDIA Corporation\PhysX\Common;C:\Program Files\NVIDIA Corporation\NVIDIA NvDLISR;C:\Program Files\Git\cmd;C:\\xampp\\php\\php.exe;C:\xampp\php;C:\Program Files\nodejs\;C:\ProgramData\chocolatey\bin;C:\Users\JEFFERSON ALQUINGA\AppData\Local\Microsoft\WindowsApps;C:\Users\JEFFERSON ALQUINGA\AppData\Local\Programs\Microsoft VS Code\bin;C:\\xampp\\php\\php.exe;C:\Users\JEFFERSON ALQUINGA\AppData\Local\Microsoft\WinGet\Packages\Schniz.fnm_Microsoft.Winget.Source_8wekyb3d8bbwe;C:\Users\JEFFERSON ALQUINGA\AppData\Roaming\npm;C:\Users\JEFFERSON ALQUINGA\AppData\Local\GitHubDesktop\bin
USERNAME=JEFFERSON ALQUINGA
OS=Windows_NT
PROCESSOR_IDENTIFIER=Intel64 Family 6 Model 141 Stepping 1, GenuineIntel



---------------  S Y S T E M  ---------------

OS:
 Windows 11 , 64 bit Build 22621 (10.0.22621.3958)
OS uptime: 1 days 6:42 hours
Hyper-V role detected

CPU: total 16 (initial active 16) (8 cores per cpu, 2 threads per core) family 6 model 141 stepping 1 microcode 0x50, cx8, cmov, fxsr, ht, mmx, 3dnowpref, sse, sse2, sse3, ssse3, sse4.1, sse4.2, popcnt, lzcnt, tsc, tscinvbit, avx, avx2, aes, erms, clmul, bmi1, bmi2, adx, avx512f, avx512dq, avx512cd, avx512bw, avx512vl, sha, fma, vzeroupper, avx512_vpopcntdq, avx512_vpclmulqdq, avx512_vaes, avx512_vnni, clflush, clflushopt, clwb, avx512_vbmi2, avx512_vbmi, hv

Memory: 4k page, system-wide physical 24343M (11120M free)
TotalPageFile size 26343M (AvailPageFile size 0M)
current process WorkingSet (physical memory assigned to process): 120M, peak: 124M
current process commit charge ("private bytes"): 178M, peak: 525M

vm_info: Java HotSpot(TM) 64-Bit Server VM (17.0.12+8-LTS-286) for windows-amd64 JRE (17.0.12+8-LTS-286), built on Jun  5 2024 06:46:59 by "mach5one" with MS VC++ 17.6 (VS2022)

END.
