#
# There is insufficient memory for the Java Runtime Environment to continue.
# Native memory allocation (malloc) failed to allocate 32744 bytes for ChunkPool::allocate
# Possible reasons:
#   The system is out of physical RAM or swap space
#   The process is running with CompressedOops enabled, and the Java Heap may be blocking the growth of the native heap
# Possible solutions:
#   Reduce memory load on the system
#   Increase physical memory or swap space
#   Check if swap backing store is full
#   Decrease Java heap size (-Xmx/-Xms)
#   Decrease number of Java threads
#   Decrease Java thread stack sizes (-Xss)
#   Set larger code cache with -XX:ReservedCodeCacheSize=
#   JVM is running with Zero Based Compressed Oops mode in which the Java heap is
#     placed in the first 32GB address space. The Java Heap base address is the
#     maximum limit for the native heap growth. Please use -XX:HeapBaseMinAddress
#     to set the Java Heap base and to place the Java Heap above 32GB virtual address.
# This output file may be truncated or incomplete.
#
#  Out of Memory Error (arena.cpp:78), pid=25740, tid=25556
#
# JRE version: Java(TM) SE Runtime Environment (17.0.12+8) (build 17.0.12+8-LTS-286)
# Java VM: Java HotSpot(TM) 64-Bit Server VM (17.0.12+8-LTS-286, mixed mode, sharing, tiered, compressed oops, compressed class ptrs, g1 gc, windows-amd64)
# No core dump will be written. Minidumps are not enabled by default on client versions of Windows
#

---------------  S U M M A R Y ------------

Command Line: -Dclassworlds.conf=C:\Program Files\NetBeans-17\netbeans\java\maven\bin\m2.conf -Dmaven.home=C:\Program Files\NetBeans-17\netbeans\java\maven -Dlibrary.jansi.path=C:\Program Files\NetBeans-17\netbeans\java\maven\lib\jansi-native -Dmaven.multiModuleProjectDirectory=C:\Users\JEFFERSON ALQUINGA\Documents\NetBeansProjects\SistemaDeRolesyPermisos org.codehaus.plexus.classworlds.launcher.Launcher -Dexec.vmArgs= -Dexec.args=${exec.vmArgs} -classpath %classpath ${exec.mainClass} ${exec.appArgs} -Dexec.appArgs= -Dexec.mainClass=com.mycompany.sistemaderolesypermisos.SistemaDeRolesyPermisos -Dexec.executable=C:\Program Files\Java\jdk-17\bin\java.exe -Dmaven.ext.class.path=C:\Program Files\NetBeans-17\netbeans\java\maven-nblib\netbeans-eventspy.jar -Dfile.encoding=UTF-8 --no-transfer-progress org.codehaus.mojo:exec-maven-plugin:3.1.0:exec

Host: 11th Gen Intel(R) Core(TM) i7-11800H @ 2.30GHz, 16 cores, 23G,  Windows 11 , 64 bit Build 22621 (10.0.22621.3958)
Time: Thu Oct 24 18:38:41 2024 SA Pacific Standard Time elapsed time: 108.886740 seconds (0d 0h 1m 48s)

---------------  T H R E A D  ---------------

Current thread (0x000001b87d00aa30):  JavaThread "C2 CompilerThread0" daemon [_thread_in_native, id=25556, stack(0x00000017c7000000,0x00000017c7100000)]


Current CompileTask:
C2: 108886 2743       4       org.fusesource.jansi.io.AnsiOutputStream::write (898 bytes)

Stack: [0x00000017c7000000,0x00000017c7100000]
Native frames: (J=compiled Java code, j=interpreted, Vv=VM code, C=native code)
V  [jvm.dll+0x67a04a]
V  [jvm.dll+0x7da4ed]
V  [jvm.dll+0x7dbe33]
V  [jvm.dll+0x7dc4a3]
V  [jvm.dll+0x24508f]
V  [jvm.dll+0xab9a4]
V  [jvm.dll+0xabd3c]
V  [jvm.dll+0xab884]
V  [jvm.dll+0x659f84]
V  [jvm.dll+0x1a807c]
V  [jvm.dll+0x23901a]
V  [jvm.dll+0x6a1682]
V  [jvm.dll+0x69f87e]
V  [jvm.dll+0x348764]
V  [jvm.dll+0x33d859]
V  [jvm.dll+0x3451b0]
V  [jvm.dll+0x68d48c]
V  [jvm.dll+0x68d992]
V  [jvm.dll+0x6901b0]
V  [jvm.dll+0x68a3d5]
V  [jvm.dll+0x689a20]
V  [jvm.dll+0x687932]
V  [jvm.dll+0x1a5bac]
V  [jvm.dll+0x215818]
V  [jvm.dll+0x1a2960]
V  [jvm.dll+0x22610b]
V  [jvm.dll+0x2242ab]
V  [jvm.dll+0x79075c]
V  [jvm.dll+0x78abea]
V  [jvm.dll+0x678f35]
C  [ucrtbase.dll+0x29333]
C  [KERNEL32.DLL+0x1257d]
C  [ntdll.dll+0x5af08]


---------------  P R O C E S S  ---------------

Threads class SMR info:
_java_thread_list=0x000001b87e25c080, length=15, elements={
0x000001b8509370d0, 0x000001b8789294d0, 0x000001b878929fa0, 0x000001b87d0040a0,
0x000001b87d004b70, 0x000001b87d009560, 0x000001b87d009e30, 0x000001b87d00aa30,
0x000001b87d00bd60, 0x000001b87d00c670, 0x000001b87d1910e0, 0x000001b87d195780,
0x000001b87ea0bdd0, 0x000001b87e3dcc80, 0x000001b87ea8c350
}

Java Threads: ( => current thread )
  0x000001b8509370d0 JavaThread "main" [_thread_in_native, id=22104, stack(0x00000017c6300000,0x00000017c6400000)]
  0x000001b8789294d0 JavaThread "Reference Handler" daemon [_thread_blocked, id=9776, stack(0x00000017c6a00000,0x00000017c6b00000)]
  0x000001b878929fa0 JavaThread "Finalizer" daemon [_thread_blocked, id=1968, stack(0x00000017c6b00000,0x00000017c6c00000)]
  0x000001b87d0040a0 JavaThread "Signal Dispatcher" daemon [_thread_blocked, id=21740, stack(0x00000017c6c00000,0x00000017c6d00000)]
  0x000001b87d004b70 JavaThread "Attach Listener" daemon [_thread_blocked, id=6576, stack(0x00000017c6d00000,0x00000017c6e00000)]
  0x000001b87d009560 JavaThread "Service Thread" daemon [_thread_blocked, id=23848, stack(0x00000017c6e00000,0x00000017c6f00000)]
  0x000001b87d009e30 JavaThread "Monitor Deflation Thread" daemon [_thread_blocked, id=1720, stack(0x00000017c6f00000,0x00000017c7000000)]
=>0x000001b87d00aa30 JavaThread "C2 CompilerThread0" daemon [_thread_in_native, id=25556, stack(0x00000017c7000000,0x00000017c7100000)]
  0x000001b87d00bd60 JavaThread "C1 CompilerThread0" daemon [_thread_blocked, id=10496, stack(0x00000017c7100000,0x00000017c7200000)]
  0x000001b87d00c670 JavaThread "Sweeper thread" daemon [_thread_blocked, id=27100, stack(0x00000017c7200000,0x00000017c7300000)]
  0x000001b87d1910e0 JavaThread "Notification Thread" daemon [_thread_blocked, id=26104, stack(0x00000017c7400000,0x00000017c7500000)]
  0x000001b87d195780 JavaThread "Common-Cleaner" daemon [_thread_blocked, id=7528, stack(0x00000017c7600000,0x00000017c7700000)]
  0x000001b87ea0bdd0 JavaThread "Exec Stream Pumper" daemon [_thread_in_native, id=6272, stack(0x00000017c7f00000,0x00000017c8000000)]
  0x000001b87e3dcc80 JavaThread "Exec Stream Pumper" daemon [_thread_in_native, id=12092, stack(0x00000017c8800000,0x00000017c8900000)]
  0x000001b87ea8c350 JavaThread "Exec Input Stream Pumper" daemon [_thread_blocked, id=22020, stack(0x00000017c8900000,0x00000017c8a00000)]

Other Threads:
  0x000001b878921f50 VMThread "VM Thread" [stack: 0x00000017c6900000,0x00000017c6a00000] [id=18676]
  0x000001b87d194430 WatcherThread [stack: 0x00000017c7500000,0x00000017c7600000] [id=27172]
  0x000001b8509c1ca0 GCTaskThread "GC Thread#0" [stack: 0x00000017c6400000,0x00000017c6500000] [id=7960]
  0x000001b87da76630 GCTaskThread "GC Thread#1" [stack: 0x00000017c8000000,0x00000017c8100000] [id=1516]
  0x000001b87d9accc0 GCTaskThread "GC Thread#2" [stack: 0x00000017c8100000,0x00000017c8200000] [id=15372]
  0x000001b87d1a9eb0 GCTaskThread "GC Thread#3" [stack: 0x00000017c8200000,0x00000017c8300000] [id=13316]
  0x000001b87dd68500 GCTaskThread "GC Thread#4" [stack: 0x00000017c8300000,0x00000017c8400000] [id=10360]
  0x000001b87dc93ea0 GCTaskThread "GC Thread#5" [stack: 0x00000017c8400000,0x00000017c8500000] [id=23652]
  0x000001b87d4d1540 GCTaskThread "GC Thread#6" [stack: 0x00000017c8500000,0x00000017c8600000] [id=6880]
  0x000001b87e4f2d20 GCTaskThread "GC Thread#7" [stack: 0x00000017c8600000,0x00000017c8700000] [id=26896]
  0x000001b87e0a5930 GCTaskThread "GC Thread#8" [stack: 0x00000017c8700000,0x00000017c8800000] [id=1780]
  0x000001b8509d0f70 ConcurrentGCThread "G1 Main Marker" [stack: 0x00000017c6500000,0x00000017c6600000] [id=14968]
  0x000001b8509d1890 ConcurrentGCThread "G1 Conc#0" [stack: 0x00000017c6600000,0x00000017c6700000] [id=13604]
  0x000001b8787ddba0 ConcurrentGCThread "G1 Refine#0" [stack: 0x00000017c6700000,0x00000017c6800000] [id=14656]
  0x000001b8787de4e0 ConcurrentGCThread "G1 Service" [stack: 0x00000017c6800000,0x00000017c6900000] [id=25872]

Threads with active compile tasks:
C2 CompilerThread0   108898 2743       4       org.fusesource.jansi.io.AnsiOutputStream::write (898 bytes)

VM state: not at safepoint (normal execution)

VM Mutex/Monitor currently owned by a thread: None

Heap address: 0x0000000683800000, size: 6088 MB, Compressed Oops mode: Zero based, Oop shift amount: 3

CDS archive(s) mapped at: [0x000001b800000000-0x000001b800bd0000-0x000001b800bd0000), size 12386304, SharedBaseAddress: 0x000001b800000000, ArchiveRelocationMode: 1.
Compressed class space mapped at: 0x000001b801000000-0x000001b841000000, reserved size: 1073741824
Narrow klass base: 0x000001b800000000, Narrow klass shift: 0, Narrow klass range: 0x100000000

GC Precious Log:
 CPUs: 16 total, 16 available
 Memory: 24343M
 Large Page Support: Disabled
 NUMA Support: Disabled
 Compressed Oops: Enabled (Zero based)
 Heap Region Size: 4M
 Heap Min Capacity: 8M
 Heap Initial Capacity: 384M
 Heap Max Capacity: 6088M
 Pre-touch: Disabled
 Parallel Workers: 13
 Concurrent Workers: 3
 Concurrent Refinement Workers: 13
 Periodic GC: Disabled

Heap:
 garbage-first heap   total 393216K, used 41272K [0x0000000683800000, 0x0000000800000000)
  region size 4096K, 11 young (45056K), 1 survivors (4096K)
 Metaspace       used 13199K, committed 13312K, reserved 1114112K
  class space    used 1553K, committed 1600K, reserved 1048576K

Heap Regions: E=young(eden), S=young(survivor), O=old, HS=humongous(starts), HC=humongous(continues), CS=collection set, F=free, OA=open archive, CA=closed archive, TAMS=top-at-mark-start (previous, next)
|   0|0x0000000683800000, 0x0000000683b37600, 0x0000000683c00000| 80%| O|  |TAMS 0x0000000683800000, 0x0000000683800000| Untracked 
|   1|0x0000000683c00000, 0x0000000683c00000, 0x0000000684000000|  0%| F|  |TAMS 0x0000000683c00000, 0x0000000683c00000| Untracked 
|   2|0x0000000684000000, 0x0000000684000000, 0x0000000684400000|  0%| F|  |TAMS 0x0000000684000000, 0x0000000684000000| Untracked 
|   3|0x0000000684400000, 0x0000000684400000, 0x0000000684800000|  0%| F|  |TAMS 0x0000000684400000, 0x0000000684400000| Untracked 
|   4|0x0000000684800000, 0x0000000684800000, 0x0000000684c00000|  0%| F|  |TAMS 0x0000000684800000, 0x0000000684800000| Untracked 
|   5|0x0000000684c00000, 0x0000000684c00000, 0x0000000685000000|  0%| F|  |TAMS 0x0000000684c00000, 0x0000000684c00000| Untracked 
|   6|0x0000000685000000, 0x0000000685000000, 0x0000000685400000|  0%| F|  |TAMS 0x0000000685000000, 0x0000000685000000| Untracked 
|   7|0x0000000685400000, 0x0000000685400000, 0x0000000685800000|  0%| F|  |TAMS 0x0000000685400000, 0x0000000685400000| Untracked 
|   8|0x0000000685800000, 0x0000000685800000, 0x0000000685c00000|  0%| F|  |TAMS 0x0000000685800000, 0x0000000685800000| Untracked 
|   9|0x0000000685c00000, 0x0000000685c00000, 0x0000000686000000|  0%| F|  |TAMS 0x0000000685c00000, 0x0000000685c00000| Untracked 
|  10|0x0000000686000000, 0x0000000686000000, 0x0000000686400000|  0%| F|  |TAMS 0x0000000686000000, 0x0000000686000000| Untracked 
|  11|0x0000000686400000, 0x0000000686400000, 0x0000000686800000|  0%| F|  |TAMS 0x0000000686400000, 0x0000000686400000| Untracked 
|  12|0x0000000686800000, 0x0000000686800000, 0x0000000686c00000|  0%| F|  |TAMS 0x0000000686800000, 0x0000000686800000| Untracked 
|  13|0x0000000686c00000, 0x0000000686c00000, 0x0000000687000000|  0%| F|  |TAMS 0x0000000686c00000, 0x0000000686c00000| Untracked 
|  14|0x0000000687000000, 0x0000000687000000, 0x0000000687400000|  0%| F|  |TAMS 0x0000000687000000, 0x0000000687000000| Untracked 
|  15|0x0000000687400000, 0x0000000687400000, 0x0000000687800000|  0%| F|  |TAMS 0x0000000687400000, 0x0000000687400000| Untracked 
|  16|0x0000000687800000, 0x0000000687800000, 0x0000000687c00000|  0%| F|  |TAMS 0x0000000687800000, 0x0000000687800000| Untracked 
|  17|0x0000000687c00000, 0x0000000687c00000, 0x0000000688000000|  0%| F|  |TAMS 0x0000000687c00000, 0x0000000687c00000| Untracked 
|  18|0x0000000688000000, 0x0000000688000000, 0x0000000688400000|  0%| F|  |TAMS 0x0000000688000000, 0x0000000688000000| Untracked 
|  19|0x0000000688400000, 0x0000000688400000, 0x0000000688800000|  0%| F|  |TAMS 0x0000000688400000, 0x0000000688400000| Untracked 
|  20|0x0000000688800000, 0x0000000688800000, 0x0000000688c00000|  0%| F|  |TAMS 0x0000000688800000, 0x0000000688800000| Untracked 
|  21|0x0000000688c00000, 0x0000000688c00000, 0x0000000689000000|  0%| F|  |TAMS 0x0000000688c00000, 0x0000000688c00000| Untracked 
|  22|0x0000000689000000, 0x0000000689000000, 0x0000000689400000|  0%| F|  |TAMS 0x0000000689000000, 0x0000000689000000| Untracked 
|  23|0x0000000689400000, 0x0000000689400000, 0x0000000689800000|  0%| F|  |TAMS 0x0000000689400000, 0x0000000689400000| Untracked 
|  24|0x0000000689800000, 0x0000000689800000, 0x0000000689c00000|  0%| F|  |TAMS 0x0000000689800000, 0x0000000689800000| Untracked 
|  25|0x0000000689c00000, 0x0000000689c00000, 0x000000068a000000|  0%| F|  |TAMS 0x0000000689c00000, 0x0000000689c00000| Untracked 
|  26|0x000000068a000000, 0x000000068a000000, 0x000000068a400000|  0%| F|  |TAMS 0x000000068a000000, 0x000000068a000000| Untracked 
|  27|0x000000068a400000, 0x000000068a400000, 0x000000068a800000|  0%| F|  |TAMS 0x000000068a400000, 0x000000068a400000| Untracked 
|  28|0x000000068a800000, 0x000000068a800000, 0x000000068ac00000|  0%| F|  |TAMS 0x000000068a800000, 0x000000068a800000| Untracked 
|  29|0x000000068ac00000, 0x000000068ac00000, 0x000000068b000000|  0%| F|  |TAMS 0x000000068ac00000, 0x000000068ac00000| Untracked 
|  30|0x000000068b000000, 0x000000068b000000, 0x000000068b400000|  0%| F|  |TAMS 0x000000068b000000, 0x000000068b000000| Untracked 
|  31|0x000000068b400000, 0x000000068b400000, 0x000000068b800000|  0%| F|  |TAMS 0x000000068b400000, 0x000000068b400000| Untracked 
|  32|0x000000068b800000, 0x000000068b800000, 0x000000068bc00000|  0%| F|  |TAMS 0x000000068b800000, 0x000000068b800000| Untracked 
|  33|0x000000068bc00000, 0x000000068bc00000, 0x000000068c000000|  0%| F|  |TAMS 0x000000068bc00000, 0x000000068bc00000| Untracked 
|  34|0x000000068c000000, 0x000000068c000000, 0x000000068c400000|  0%| F|  |TAMS 0x000000068c000000, 0x000000068c000000| Untracked 
|  35|0x000000068c400000, 0x000000068c400000, 0x000000068c800000|  0%| F|  |TAMS 0x000000068c400000, 0x000000068c400000| Untracked 
|  36|0x000000068c800000, 0x000000068c800000, 0x000000068cc00000|  0%| F|  |TAMS 0x000000068c800000, 0x000000068c800000| Untracked 
|  37|0x000000068cc00000, 0x000000068cc00000, 0x000000068d000000|  0%| F|  |TAMS 0x000000068cc00000, 0x000000068cc00000| Untracked 
|  38|0x000000068d000000, 0x000000068d000000, 0x000000068d400000|  0%| F|  |TAMS 0x000000068d000000, 0x000000068d000000| Untracked 
|  39|0x000000068d400000, 0x000000068d400000, 0x000000068d800000|  0%| F|  |TAMS 0x000000068d400000, 0x000000068d400000| Untracked 
|  40|0x000000068d800000, 0x000000068d800000, 0x000000068dc00000|  0%| F|  |TAMS 0x000000068d800000, 0x000000068d800000| Untracked 
|  41|0x000000068dc00000, 0x000000068dc00000, 0x000000068e000000|  0%| F|  |TAMS 0x000000068dc00000, 0x000000068dc00000| Untracked 
|  42|0x000000068e000000, 0x000000068e000000, 0x000000068e400000|  0%| F|  |TAMS 0x000000068e000000, 0x000000068e000000| Untracked 
|  43|0x000000068e400000, 0x000000068e400000, 0x000000068e800000|  0%| F|  |TAMS 0x000000068e400000, 0x000000068e400000| Untracked 
|  44|0x000000068e800000, 0x000000068e800000, 0x000000068ec00000|  0%| F|  |TAMS 0x000000068e800000, 0x000000068e800000| Untracked 
|  45|0x000000068ec00000, 0x000000068ec00000, 0x000000068f000000|  0%| F|  |TAMS 0x000000068ec00000, 0x000000068ec00000| Untracked 
|  46|0x000000068f000000, 0x000000068f000000, 0x000000068f400000|  0%| F|  |TAMS 0x000000068f000000, 0x000000068f000000| Untracked 
|  47|0x000000068f400000, 0x000000068f400000, 0x000000068f800000|  0%| F|  |TAMS 0x000000068f400000, 0x000000068f400000| Untracked 
|  48|0x000000068f800000, 0x000000068f800000, 0x000000068fc00000|  0%| F|  |TAMS 0x000000068f800000, 0x000000068f800000| Untracked 
|  49|0x000000068fc00000, 0x000000068fc00000, 0x0000000690000000|  0%| F|  |TAMS 0x000000068fc00000, 0x000000068fc00000| Untracked 
|  50|0x0000000690000000, 0x0000000690000000, 0x0000000690400000|  0%| F|  |TAMS 0x0000000690000000, 0x0000000690000000| Untracked 
|  51|0x0000000690400000, 0x0000000690400000, 0x0000000690800000|  0%| F|  |TAMS 0x0000000690400000, 0x0000000690400000| Untracked 
|  52|0x0000000690800000, 0x0000000690800000, 0x0000000690c00000|  0%| F|  |TAMS 0x0000000690800000, 0x0000000690800000| Untracked 
|  53|0x0000000690c00000, 0x0000000690c00000, 0x0000000691000000|  0%| F|  |TAMS 0x0000000690c00000, 0x0000000690c00000| Untracked 
|  54|0x0000000691000000, 0x0000000691000000, 0x0000000691400000|  0%| F|  |TAMS 0x0000000691000000, 0x0000000691000000| Untracked 
|  55|0x0000000691400000, 0x0000000691400000, 0x0000000691800000|  0%| F|  |TAMS 0x0000000691400000, 0x0000000691400000| Untracked 
|  56|0x0000000691800000, 0x0000000691800000, 0x0000000691c00000|  0%| F|  |TAMS 0x0000000691800000, 0x0000000691800000| Untracked 
|  57|0x0000000691c00000, 0x0000000691c00000, 0x0000000692000000|  0%| F|  |TAMS 0x0000000691c00000, 0x0000000691c00000| Untracked 
|  58|0x0000000692000000, 0x0000000692000000, 0x0000000692400000|  0%| F|  |TAMS 0x0000000692000000, 0x0000000692000000| Untracked 
|  59|0x0000000692400000, 0x0000000692400000, 0x0000000692800000|  0%| F|  |TAMS 0x0000000692400000, 0x0000000692400000| Untracked 
|  60|0x0000000692800000, 0x0000000692800000, 0x0000000692c00000|  0%| F|  |TAMS 0x0000000692800000, 0x0000000692800000| Untracked 
|  61|0x0000000692c00000, 0x0000000692c00000, 0x0000000693000000|  0%| F|  |TAMS 0x0000000692c00000, 0x0000000692c00000| Untracked 
|  62|0x0000000693000000, 0x0000000693000000, 0x0000000693400000|  0%| F|  |TAMS 0x0000000693000000, 0x0000000693000000| Untracked 
|  63|0x0000000693400000, 0x0000000693400000, 0x0000000693800000|  0%| F|  |TAMS 0x0000000693400000, 0x0000000693400000| Untracked 
|  64|0x0000000693800000, 0x0000000693800000, 0x0000000693c00000|  0%| F|  |TAMS 0x0000000693800000, 0x0000000693800000| Untracked 
|  65|0x0000000693c00000, 0x0000000693c00000, 0x0000000694000000|  0%| F|  |TAMS 0x0000000693c00000, 0x0000000693c00000| Untracked 
|  66|0x0000000694000000, 0x0000000694000000, 0x0000000694400000|  0%| F|  |TAMS 0x0000000694000000, 0x0000000694000000| Untracked 
|  67|0x0000000694400000, 0x0000000694400000, 0x0000000694800000|  0%| F|  |TAMS 0x0000000694400000, 0x0000000694400000| Untracked 
|  68|0x0000000694800000, 0x0000000694800000, 0x0000000694c00000|  0%| F|  |TAMS 0x0000000694800000, 0x0000000694800000| Untracked 
|  69|0x0000000694c00000, 0x0000000694c00000, 0x0000000695000000|  0%| F|  |TAMS 0x0000000694c00000, 0x0000000694c00000| Untracked 
|  70|0x0000000695000000, 0x0000000695000000, 0x0000000695400000|  0%| F|  |TAMS 0x0000000695000000, 0x0000000695000000| Untracked 
|  71|0x0000000695400000, 0x0000000695400000, 0x0000000695800000|  0%| F|  |TAMS 0x0000000695400000, 0x0000000695400000| Untracked 
|  72|0x0000000695800000, 0x0000000695800000, 0x0000000695c00000|  0%| F|  |TAMS 0x0000000695800000, 0x0000000695800000| Untracked 
|  73|0x0000000695c00000, 0x0000000695c00000, 0x0000000696000000|  0%| F|  |TAMS 0x0000000695c00000, 0x0000000695c00000| Untracked 
|  74|0x0000000696000000, 0x0000000696000000, 0x0000000696400000|  0%| F|  |TAMS 0x0000000696000000, 0x0000000696000000| Untracked 
|  75|0x0000000696400000, 0x0000000696400000, 0x0000000696800000|  0%| F|  |TAMS 0x0000000696400000, 0x0000000696400000| Untracked 
|  76|0x0000000696800000, 0x0000000696800000, 0x0000000696c00000|  0%| F|  |TAMS 0x0000000696800000, 0x0000000696800000| Untracked 
|  77|0x0000000696c00000, 0x0000000696c00000, 0x0000000697000000|  0%| F|  |TAMS 0x0000000696c00000, 0x0000000696c00000| Untracked 
|  78|0x0000000697000000, 0x0000000697000000, 0x0000000697400000|  0%| F|  |TAMS 0x0000000697000000, 0x0000000697000000| Untracked 
|  79|0x0000000697400000, 0x0000000697400000, 0x0000000697800000|  0%| F|  |TAMS 0x0000000697400000, 0x0000000697400000| Untracked 
|  80|0x0000000697800000, 0x0000000697800000, 0x0000000697c00000|  0%| F|  |TAMS 0x0000000697800000, 0x0000000697800000| Untracked 
|  81|0x0000000697c00000, 0x0000000697c00000, 0x0000000698000000|  0%| F|  |TAMS 0x0000000697c00000, 0x0000000697c00000| Untracked 
|  82|0x0000000698000000, 0x0000000698000000, 0x0000000698400000|  0%| F|  |TAMS 0x0000000698000000, 0x0000000698000000| Untracked 
|  83|0x0000000698400000, 0x0000000698400000, 0x0000000698800000|  0%| F|  |TAMS 0x0000000698400000, 0x0000000698400000| Untracked 
|  84|0x0000000698800000, 0x0000000698800000, 0x0000000698c00000|  0%| F|  |TAMS 0x0000000698800000, 0x0000000698800000| Untracked 
|  85|0x0000000698c00000, 0x0000000698dbed30, 0x0000000699000000| 43%| E|  |TAMS 0x0000000698c00000, 0x0000000698c00000| Complete 
|  86|0x0000000699000000, 0x0000000699400000, 0x0000000699400000|100%| E|CS|TAMS 0x0000000699000000, 0x0000000699000000| Complete 
|  87|0x0000000699400000, 0x0000000699800000, 0x0000000699800000|100%| E|CS|TAMS 0x0000000699400000, 0x0000000699400000| Complete 
|  88|0x0000000699800000, 0x0000000699c00000, 0x0000000699c00000|100%| E|CS|TAMS 0x0000000699800000, 0x0000000699800000| Complete 
|  89|0x0000000699c00000, 0x0000000699d16d30, 0x000000069a000000| 27%| S|CS|TAMS 0x0000000699c00000, 0x0000000699c00000| Complete 
|  90|0x000000069a000000, 0x000000069a400000, 0x000000069a400000|100%| E|CS|TAMS 0x000000069a000000, 0x000000069a000000| Complete 
|  91|0x000000069a400000, 0x000000069a800000, 0x000000069a800000|100%| E|CS|TAMS 0x000000069a400000, 0x000000069a400000| Complete 
|  92|0x000000069a800000, 0x000000069ac00000, 0x000000069ac00000|100%| E|CS|TAMS 0x000000069a800000, 0x000000069a800000| Complete 
|  93|0x000000069ac00000, 0x000000069b000000, 0x000000069b000000|100%| E|CS|TAMS 0x000000069ac00000, 0x000000069ac00000| Complete 
|  94|0x000000069b000000, 0x000000069b400000, 0x000000069b400000|100%| E|CS|TAMS 0x000000069b000000, 0x000000069b000000| Complete 
|  95|0x000000069b400000, 0x000000069b800000, 0x000000069b800000|100%| E|CS|TAMS 0x000000069b400000, 0x000000069b400000| Complete 

Card table byte_map: [0x000001b868670000,0x000001b869260000] _byte_map_base: 0x000001b865254000

Marking Bits (Prev, Next): (CMBitMap*) 0x000001b8509c31e0, (CMBitMap*) 0x000001b8509c3220
 Prev Bits: [0x000001b869e50000, 0x000001b86fd70000)
 Next Bits: [0x000001b86fd70000, 0x000001b875c90000)

Polling page: 0x000001b84e8b0000

Metaspace:

Usage:
  Non-class:     11.37 MB used.
      Class:      1.52 MB used.
       Both:     12.89 MB used.

Virtual space:
  Non-class space:       64.00 MB reserved,      11.44 MB ( 18%) committed,  1 nodes.
      Class space:        1.00 GB reserved,       1.56 MB ( <1%) committed,  1 nodes.
             Both:        1.06 GB reserved,      13.00 MB (  1%) committed. 

Chunk freelists:
   Non-Class:  3.31 MB
       Class:  14.44 MB
        Both:  17.75 MB

MaxMetaspaceSize: unlimited
CompressedClassSpaceSize: 1.00 GB
Initial GC threshold: 21.00 MB
Current GC threshold: 21.00 MB
CDS: on
MetaspaceReclaimPolicy: balanced
 - commit_granule_bytes: 65536.
 - commit_granule_words: 8192.
 - virtual_space_node_default_size: 8388608.
 - enlarge_chunks_in_place: 1.
 - new_chunks_are_fully_committed: 0.
 - uncommit_free_chunks: 1.
 - use_allocation_guard: 0.
 - handle_deallocations: 1.


Internal statistics:

num_allocs_failed_limit: 0.
num_arena_births: 78.
num_arena_deaths: 0.
num_vsnodes_births: 2.
num_vsnodes_deaths: 0.
num_space_committed: 208.
num_space_uncommitted: 0.
num_chunks_returned_to_freelist: 0.
num_chunks_taken_from_freelist: 532.
num_chunk_merges: 0.
num_chunk_splits: 383.
num_chunks_enlarged: 299.
num_inconsistent_stats: 0.

CodeHeap 'non-profiled nmethods': size=119168Kb used=1108Kb max_used=1108Kb free=118059Kb
 bounds [0x000001b85fd90000, 0x000001b860000000, 0x000001b8671f0000]
CodeHeap 'profiled nmethods': size=119104Kb used=5588Kb max_used=5588Kb free=113515Kb
 bounds [0x000001b8581f0000, 0x000001b858770000, 0x000001b85f640000]
CodeHeap 'non-nmethods': size=7488Kb used=1180Kb max_used=2917Kb free=6307Kb
 bounds [0x000001b85f640000, 0x000001b85f920000, 0x000001b85fd90000]
 total_blobs=3197 nmethods=2741 adapters=368
 compilation: enabled
              stopped_count=0, restarted_count=0
 full_count=0

Compilation events (20 events):
Event: 0.972 Thread 0x000001b87d7a0920 nmethod 2722 0x000001b85875b790 code [0x000001b85875ba20, 0x000001b85875c7f8]
Event: 0.972 Thread 0x000001b87d0b6300 nmethod 2733 0x000001b85875cd10 code [0x000001b85875cea0, 0x000001b85875cfd8]
Event: 0.972 Thread 0x000001b87d7a0920 2734       3       java.lang.invoke.MemberName::init (67 bytes)
Event: 0.972 Thread 0x000001b87d7a0920 nmethod 2734 0x000001b85875d090 code [0x000001b85875d240, 0x000001b85875d498]
Event: 0.973 Thread 0x000001b87d7a1240 nmethod 2726 0x000001b85875d510 code [0x000001b85875d840, 0x000001b85875e828]
Event: 0.973 Thread 0x000001b87d00bd60 nmethod 2728 0x000001b85875ee90 code [0x000001b85875f560, 0x000001b858761ec8]
Event: 0.976 Thread 0x000001b87d00aa30 nmethod 2666 0x000001b85fe9ff90 code [0x000001b85fea0300, 0x000001b85fea3008]
Event: 6.370 Thread 0x000001b87d0b6300 2735       3       java.io.BufferedInputStream::getInIfOpen (21 bytes)
Event: 6.370 Thread 0x000001b87d0b6300 nmethod 2735 0x000001b858763190 code [0x000001b858763340, 0x000001b858763548]
Event: 16.326 Thread 0x000001b87d00bd60 2736       3       java.io.FileInputStream::available (5 bytes)
Event: 16.326 Thread 0x000001b87d00bd60 nmethod 2736 0x000001b858763610 code [0x000001b8587637a0, 0x000001b8587638e8]
Event: 22.715 Thread 0x000001b87d00bd60 2738  s    3       java.io.BufferedInputStream::available (35 bytes)
Event: 22.715 Thread 0x000001b87d00bd60 nmethod 2738 0x000001b858763990 code [0x000001b858763b60, 0x000001b858763fb8]
Event: 23.929 Thread 0x000001b87d00bd60 2739       3       java.io.OutputStream::flush (1 bytes)
Event: 23.930 Thread 0x000001b87d00bd60 nmethod 2739 0x000001b858764110 code [0x000001b8587642a0, 0x000001b8587643b8]
Event: 28.963 Thread 0x000001b87d00bd60 2740  s    3       java.io.BufferedOutputStream::flush (12 bytes)
Event: 28.964 Thread 0x000001b87d00bd60 nmethod 2740 0x000001b858764490 code [0x000001b858764660, 0x000001b858764a78]
Event: 28.964 Thread 0x000001b87d00bd60 2741       3       java.io.BufferedOutputStream::flushBuffer (29 bytes)
Event: 28.964 Thread 0x000001b87d00bd60 nmethod 2741 0x000001b858764b90 code [0x000001b858764d40, 0x000001b858764f88]
Event: 108.885 Thread 0x000001b87d00aa30 2743       4       org.fusesource.jansi.io.AnsiOutputStream::write (898 bytes)

GC Heap History (4 events):
Event: 0.302 GC heap before
{Heap before GC invocations=0 (full 0):
 garbage-first heap   total 393216K, used 20480K [0x0000000683800000, 0x0000000800000000)
  region size 4096K, 5 young (20480K), 0 survivors (0K)
 Metaspace       used 4659K, committed 4864K, reserved 1114112K
  class space    used 538K, committed 640K, reserved 1048576K
}
Event: 0.305 GC heap after
{Heap after GC invocations=1 (full 0):
 garbage-first heap   total 393216K, used 3602K [0x0000000683800000, 0x0000000800000000)
  region size 4096K, 1 young (4096K), 1 survivors (4096K)
 Metaspace       used 4659K, committed 4864K, reserved 1114112K
  class space    used 538K, committed 640K, reserved 1048576K
}
Event: 0.528 GC heap before
{Heap before GC invocations=1 (full 0):
 garbage-first heap   total 393216K, used 24082K [0x0000000683800000, 0x0000000800000000)
  region size 4096K, 6 young (24576K), 1 survivors (4096K)
 Metaspace       used 7186K, committed 7360K, reserved 1114112K
  class space    used 829K, committed 896K, reserved 1048576K
}
Event: 0.530 GC heap after
{Heap after GC invocations=2 (full 0):
 garbage-first heap   total 393216K, used 4408K [0x0000000683800000, 0x0000000800000000)
  region size 4096K, 1 young (4096K), 1 survivors (4096K)
 Metaspace       used 7186K, committed 7360K, reserved 1114112K
  class space    used 829K, committed 896K, reserved 1048576K
}

Deoptimization events (20 events):
Event: 0.950 Thread 0x000001b8509370d0 Uncommon trap: trap_request=0xffffff76 fr.pc=0x000001b85fe9a728 relative=0x0000000000000088
Event: 0.950 Thread 0x000001b8509370d0 Uncommon trap: reason=predicate action=maybe_recompile pc=0x000001b85fe9a728 method=java.util.TimSort.binarySort([Ljava/lang/Object;IIILjava/util/Comparator;)V @ 34 c2
Event: 0.950 Thread 0x000001b8509370d0 DEOPT PACKING pc=0x000001b85fe9a728 sp=0x00000017c63fb7c0
Event: 0.950 Thread 0x000001b8509370d0 DEOPT UNPACKING pc=0x000001b85f695ba3 sp=0x00000017c63fb770 mode 2
Event: 0.954 Thread 0x000001b8509370d0 DEOPT PACKING pc=0x000001b8582c9a34 sp=0x00000017c63f7e10
Event: 0.954 Thread 0x000001b8509370d0 DEOPT UNPACKING pc=0x000001b85f6966e3 sp=0x00000017c63f7248 mode 0
Event: 0.954 Thread 0x000001b8509370d0 DEOPT PACKING pc=0x000001b8582c964c sp=0x00000017c63f7e80
Event: 0.954 Thread 0x000001b8509370d0 DEOPT UNPACKING pc=0x000001b85f6966e3 sp=0x00000017c63f7328 mode 0
Event: 0.965 Thread 0x000001b8509370d0 Uncommon trap: trap_request=0xffffffc6 fr.pc=0x000001b85fe8e5a8 relative=0x00000000000007c8
Event: 0.965 Thread 0x000001b8509370d0 Uncommon trap: reason=bimorphic_or_optimized_type_check action=maybe_recompile pc=0x000001b85fe8e5a8 method=java.util.HashMap.putVal(ILjava/lang/Object;Ljava/lang/Object;ZZ)Ljava/lang/Object; @ 253 c2
Event: 0.965 Thread 0x000001b8509370d0 DEOPT PACKING pc=0x000001b85fe8e5a8 sp=0x00000017c63fd870
Event: 0.965 Thread 0x000001b8509370d0 DEOPT UNPACKING pc=0x000001b85f695ba3 sp=0x00000017c63fd798 mode 2
Event: 0.965 Thread 0x000001b8509370d0 Uncommon trap: trap_request=0xffffffc6 fr.pc=0x000001b85fe8e5a8 relative=0x00000000000007c8
Event: 0.965 Thread 0x000001b8509370d0 Uncommon trap: reason=bimorphic_or_optimized_type_check action=maybe_recompile pc=0x000001b85fe8e5a8 method=java.util.HashMap.putVal(ILjava/lang/Object;Ljava/lang/Object;ZZ)Ljava/lang/Object; @ 253 c2
Event: 0.965 Thread 0x000001b8509370d0 DEOPT PACKING pc=0x000001b85fe8e5a8 sp=0x00000017c63fd870
Event: 0.965 Thread 0x000001b8509370d0 DEOPT UNPACKING pc=0x000001b85f695ba3 sp=0x00000017c63fd798 mode 2
Event: 0.965 Thread 0x000001b8509370d0 Uncommon trap: trap_request=0xffffffc6 fr.pc=0x000001b85fe7d3ac relative=0x00000000000006cc
Event: 0.965 Thread 0x000001b8509370d0 Uncommon trap: reason=bimorphic_or_optimized_type_check action=maybe_recompile pc=0x000001b85fe7d3ac method=java.util.HashMap.putVal(ILjava/lang/Object;Ljava/lang/Object;ZZ)Ljava/lang/Object; @ 253 c2
Event: 0.965 Thread 0x000001b8509370d0 DEOPT PACKING pc=0x000001b85fe7d3ac sp=0x00000017c63fd7f0
Event: 0.965 Thread 0x000001b8509370d0 DEOPT UNPACKING pc=0x000001b85f695ba3 sp=0x00000017c63fd7a0 mode 2

Classes unloaded (0 events):
No events

Classes redefined (0 events):
No events

Internal exceptions (20 events):
Event: 0.106 Thread 0x000001b8509370d0 Exception <a 'java/lang/NullPointerException'{0x000000069b075608}> (0x000000069b075608) 
thrown [s\open\src\hotspot\share\interpreter\linkResolver.cpp, line 1350]
Event: 0.107 Thread 0x000001b8509370d0 Exception <a 'java/lang/NullPointerException'{0x000000069b07af88}> (0x000000069b07af88) 
thrown [s\open\src\hotspot\share\interpreter\linkResolver.cpp, line 1350]
Event: 0.107 Thread 0x000001b8509370d0 Exception <a 'java/lang/NullPointerException'{0x000000069b090340}> (0x000000069b090340) 
thrown [s\open\src\hotspot\share\interpreter\linkResolver.cpp, line 1350]
Event: 0.107 Thread 0x000001b8509370d0 Exception <a 'java/lang/NullPointerException'{0x000000069b090618}> (0x000000069b090618) 
thrown [s\open\src\hotspot\share\interpreter\linkResolver.cpp, line 1350]
Event: 0.107 Thread 0x000001b8509370d0 Exception <a 'java/lang/NullPointerException'{0x000000069b0908f0}> (0x000000069b0908f0) 
thrown [s\open\src\hotspot\share\interpreter\linkResolver.cpp, line 1350]
Event: 0.107 Thread 0x000001b8509370d0 Exception <a 'java/lang/NullPointerException'{0x000000069b090bc8}> (0x000000069b090bc8) 
thrown [s\open\src\hotspot\share\interpreter\linkResolver.cpp, line 1350]
Event: 0.258 Thread 0x000001b8509370d0 Exception <a 'java/lang/NoSuchMethodError'{0x000000069ab7fa60}: 'java.lang.Object java.lang.invoke.DirectMethodHandle$Holder.newInvokeSpecial(java.lang.Object, java.lang.Object, java.lang.Object, java.lang.Object, java.lang.Object)'> (0x000000069ab7fa60) 
thrown [s\open\src\hotspot\share\interpreter\linkResolver.cpp, line 759]
Event: 0.279 Thread 0x000001b8509370d0 Exception <a 'java/lang/NoClassDefFoundError'{0x000000069a4e4a68}: javax/enterprise/inject/Typed> (0x000000069a4e4a68) 
thrown [s\open\src\hotspot\share\classfile\systemDictionary.cpp, line 245]
Event: 0.687 Thread 0x000001b8509370d0 Exception <a 'java/lang/NoClassDefFoundError'{0x000000069aac7de8}: com/google/inject/servlet/ServletModuleTargetVisitor> (0x000000069aac7de8) 
thrown [s\open\src\hotspot\share\classfile\systemDictionary.cpp, line 245]
Event: 0.726 Thread 0x000001b8509370d0 Exception <a 'java/lang/NoSuchMethodError'{0x000000069a50fc30}: 'java.lang.Object java.lang.invoke.DirectMethodHandle$Holder.invokeStaticInit(java.lang.Object, int, int, int, int)'> (0x000000069a50fc30) 
thrown [s\open\src\hotspot\share\interpreter\linkResolver.cpp, line 759]
Event: 0.850 Thread 0x000001b8509370d0 Implicit null exception at 0x000001b85fe6bfaf to 0x000001b85fe6c09c
Event: 0.850 Thread 0x000001b8509370d0 Implicit null exception at 0x000001b85fe3f26d to 0x000001b85fe3f438
Event: 0.850 Thread 0x000001b8509370d0 Implicit null exception at 0x000001b85fe204d8 to 0x000001b85fe2056e
Event: 0.882 Thread 0x000001b8509370d0 Implicit null exception at 0x000001b85fe0abed to 0x000001b85fe0adb8
Event: 0.969 Thread 0x000001b8509370d0 Exception <a 'java/lang/NoSuchMethodError'{0x00000006993e3090}: 'void java.lang.invoke.DirectMethodHandle$Holder.invokeStatic(java.lang.Object, long)'> (0x00000006993e3090) 
thrown [s\open\src\hotspot\share\interpreter\linkResolver.cpp, line 759]
Event: 0.970 Thread 0x000001b8509370d0 Exception <a 'java/lang/NoSuchMethodError'{0x00000006993e8a28}: 'java.lang.Object java.lang.invoke.DirectMethodHandle$Holder.newInvokeSpecial(java.lang.Object, long)'> (0x00000006993e8a28) 
thrown [s\open\src\hotspot\share\interpreter\linkResolver.cpp, line 759]
Event: 0.971 Thread 0x000001b8509370d0 Exception <a 'java/lang/NoSuchMethodError'{0x00000006993ed540}: 'java.lang.Object java.lang.invoke.DirectMethodHandle$Holder.invokeStaticInit(java.lang.Object)'> (0x00000006993ed540) 
thrown [s\open\src\hotspot\share\interpreter\linkResolver.cpp, line 759]
Event: 0.971 Thread 0x000001b8509370d0 Exception <a 'java/lang/NoSuchMethodError'{0x00000006993f7278}: 'java.lang.Object java.lang.invoke.DirectMethodHandle$Holder.invokeStaticInit(java.lang.Object, java.lang.Object, long, java.lang.Object)'> (0x00000006993f7278) 
thrown [s\open\src\hotspot\share\interpreter\linkResolver.cpp, line 759]
Event: 0.972 Thread 0x000001b8509370d0 Exception <a 'java/lang/NoSuchMethodError'{0x00000006993fd938}: 'java.lang.Object java.lang.invoke.DirectMethodHandle$Holder.newInvokeSpecial(java.lang.Object, java.lang.Object, long)'> (0x00000006993fd938) 
thrown [s\open\src\hotspot\share\interpreter\linkResolver.cpp, line 759]
Event: 0.972 Thread 0x000001b8509370d0 Exception <a 'java/lang/NoSuchMethodError'{0x0000000698c020d0}: 'java.lang.Object java.lang.invoke.Invokers$Holder.linkToTargetMethod(java.lang.Object, long, java.lang.Object)'> (0x0000000698c020d0) 
thrown [s\open\src\hotspot\share\interpreter\linkResolver.cpp, line 759]

VM Operations (20 events):
Event: 0.735 Executing VM operation: HandshakeAllThreads
Event: 0.735 Executing VM operation: HandshakeAllThreads done
Event: 0.768 Executing VM operation: HandshakeAllThreads
Event: 0.768 Executing VM operation: HandshakeAllThreads done
Event: 0.769 Executing VM operation: HandshakeAllThreads
Event: 0.769 Executing VM operation: HandshakeAllThreads done
Event: 0.845 Executing VM operation: HandshakeAllThreads
Event: 0.846 Executing VM operation: HandshakeAllThreads done
Event: 0.846 Executing VM operation: HandshakeAllThreads
Event: 0.846 Executing VM operation: HandshakeAllThreads done
Event: 0.851 Executing VM operation: ICBufferFull
Event: 0.851 Executing VM operation: ICBufferFull done
Event: 0.948 Executing VM operation: ICBufferFull
Event: 0.948 Executing VM operation: ICBufferFull done
Event: 0.954 Executing VM operation: HandshakeAllThreads
Event: 0.954 Executing VM operation: HandshakeAllThreads done
Event: 1.967 Executing VM operation: Cleanup
Event: 1.967 Executing VM operation: Cleanup done
Event: 60.037 Executing VM operation: HandshakeAllThreads
Event: 60.037 Executing VM operation: HandshakeAllThreads done

Events (20 events):
Event: 0.973 loading class java/lang/ProcessImpl$2
Event: 0.973 loading class java/lang/ProcessImpl$2 done
Event: 0.973 loading class java/lang/Process$PipeInputStream
Event: 0.973 loading class java/lang/Process$PipeInputStream done
Event: 0.973 loading class jdk/internal/event/ProcessStartEvent
Event: 0.973 loading class jdk/internal/event/ProcessStartEvent done
Event: 0.973 loading class java/io/PipedOutputStream
Event: 0.973 loading class java/io/PipedOutputStream done
Event: 0.974 Thread 0x000001b87ea0bdd0 Thread added: 0x000001b87ea0bdd0
Event: 0.974 Thread 0x000001b87e3dcc80 Thread added: 0x000001b87e3dcc80
Event: 0.974 Thread 0x000001b87ea8c350 Thread added: 0x000001b87ea8c350
Event: 5.975 Thread 0x000001b87d9abed0 Thread exited: 0x000001b87d9abed0
Event: 5.975 Thread 0x000001b87d7a1240 Thread exited: 0x000001b87d7a1240
Event: 5.975 Thread 0x000001b87d7a0920 Thread exited: 0x000001b87d7a0920
Event: 5.975 Thread 0x000001b87d9ab5a0 Thread exited: 0x000001b87d9ab5a0
Event: 6.370 Thread 0x000001b87d9aac80 Thread exited: 0x000001b87d9aac80
Event: 6.370 Thread 0x000001b87d950bf0 Thread exited: 0x000001b87d950bf0
Event: 6.370 Thread 0x000001b87d950310 Thread exited: 0x000001b87d950310
Event: 11.371 Thread 0x000001b87d8fe310 Thread exited: 0x000001b87d8fe310
Event: 11.371 Thread 0x000001b87d0b6300 Thread exited: 0x000001b87d0b6300


Dynamic libraries:
0x00007ff7aedd0000 - 0x00007ff7aede0000 	C:\Program Files\Java\jdk-17\bin\java.exe
0x00007ffaad3d0000 - 0x00007ffaad5e7000 	C:\Windows\SYSTEM32\ntdll.dll
0x00007ffaabb20000 - 0x00007ffaabbe4000 	C:\Windows\System32\KERNEL32.DLL
0x00007ffaaa970000 - 0x00007ffaaad27000 	C:\Windows\System32\KERNELBASE.dll
0x00007ffaaa6e0000 - 0x00007ffaaa7f1000 	C:\Windows\System32\ucrtbase.dll
0x00007ffa89190000 - 0x00007ffa891ab000 	C:\Program Files\Java\jdk-17\bin\VCRUNTIME140.dll
0x00007ffa9d760000 - 0x00007ffa9d779000 	C:\Program Files\Java\jdk-17\bin\jli.dll
0x00007ffaab360000 - 0x00007ffaab412000 	C:\Windows\System32\ADVAPI32.dll
0x00007ffaac9a0000 - 0x00007ffaaca47000 	C:\Windows\System32\msvcrt.dll
0x00007ffaab810000 - 0x00007ffaab8b8000 	C:\Windows\System32\sechost.dll
0x00007ffaaafb0000 - 0x00007ffaaafd8000 	C:\Windows\System32\bcrypt.dll
0x00007ffaac5c0000 - 0x00007ffaac6d4000 	C:\Windows\System32\RPCRT4.dll
0x00007ffaab100000 - 0x00007ffaab2af000 	C:\Windows\System32\USER32.dll
0x00007ffaaaf10000 - 0x00007ffaaaf36000 	C:\Windows\System32\win32u.dll
0x00007ffa9cae0000 - 0x00007ffa9cd73000 	C:\Windows\WinSxS\amd64_microsoft.windows.common-controls_6595b64144ccf1df_6.0.22621.3672_none_2713b9d173822955\COMCTL32.dll
0x00007ffaab310000 - 0x00007ffaab339000 	C:\Windows\System32\GDI32.dll
0x00007ffaaafe0000 - 0x00007ffaab0f8000 	C:\Windows\System32\gdi32full.dll
0x00007ffaaadb0000 - 0x00007ffaaae4a000 	C:\Windows\System32\msvcp_win.dll
0x00007ffaa69a0000 - 0x00007ffaa69aa000 	C:\Windows\SYSTEM32\VERSION.dll
0x00007ffaabae0000 - 0x00007ffaabb11000 	C:\Windows\System32\IMM32.DLL
0x00007ffa8ba00000 - 0x00007ffa8ba0c000 	C:\Program Files\Java\jdk-17\bin\vcruntime140_1.dll
0x00007ffa52be0000 - 0x00007ffa52c6e000 	C:\Program Files\Java\jdk-17\bin\msvcp140.dll
0x00007ffa15200000 - 0x00007ffa15de0000 	C:\Program Files\Java\jdk-17\bin\server\jvm.dll
0x00007ffaab450000 - 0x00007ffaab458000 	C:\Windows\System32\PSAPI.DLL
0x00007ffa940e0000 - 0x00007ffa940e9000 	C:\Windows\SYSTEM32\WSOCK32.dll
0x00007ffa9ea10000 - 0x00007ffa9ea44000 	C:\Windows\SYSTEM32\WINMM.dll
0x00007ffaac770000 - 0x00007ffaac7e1000 	C:\Windows\System32\WS2_32.dll
0x00007ffaa97e0000 - 0x00007ffaa97f8000 	C:\Windows\SYSTEM32\kernel.appcore.dll
0x00007ffa89140000 - 0x00007ffa8914a000 	C:\Program Files\Java\jdk-17\bin\jimage.dll
0x00007ffaa7bb0000 - 0x00007ffaa7de2000 	C:\Windows\SYSTEM32\DBGHELP.DLL
0x00007ffaab480000 - 0x00007ffaab80e000 	C:\Windows\System32\combase.dll
0x00007ffaacd30000 - 0x00007ffaace07000 	C:\Windows\System32\OLEAUT32.dll
0x00007ffa800a0000 - 0x00007ffa800d2000 	C:\Windows\SYSTEM32\dbgcore.DLL
0x00007ffaaad30000 - 0x00007ffaaadab000 	C:\Windows\System32\bcryptPrimitives.dll
0x00007ffa60c30000 - 0x00007ffa60c55000 	C:\Program Files\Java\jdk-17\bin\java.dll
0x00007ffa523e0000 - 0x00007ffa524b7000 	C:\Program Files\Java\jdk-17\bin\jsvml.dll
0x00007ffaabd50000 - 0x00007ffaac5b9000 	C:\Windows\System32\SHELL32.dll
0x00007ffaa8610000 - 0x00007ffaa8f0f000 	C:\Windows\SYSTEM32\windows.storage.dll
0x00007ffaa84d0000 - 0x00007ffaa860f000 	C:\Windows\SYSTEM32\wintypes.dll
0x00007ffaad290000 - 0x00007ffaad389000 	C:\Windows\System32\SHCORE.dll
0x00007ffaaba80000 - 0x00007ffaabade000 	C:\Windows\System32\shlwapi.dll
0x00007ffaaa610000 - 0x00007ffaaa637000 	C:\Windows\SYSTEM32\profapi.dll
0x00007ffa69dd0000 - 0x00007ffa69de9000 	C:\Program Files\Java\jdk-17\bin\net.dll
0x00007ffaa6f20000 - 0x00007ffaa7056000 	C:\Windows\SYSTEM32\WINHTTP.dll
0x00007ffaa9c40000 - 0x00007ffaa9ca9000 	C:\Windows\system32\mswsock.dll
0x00007ffa68620000 - 0x00007ffa68636000 	C:\Program Files\Java\jdk-17\bin\nio.dll
0x00007ffa67980000 - 0x00007ffa67998000 	C:\Program Files\Java\jdk-17\bin\zip.dll
0x0000000069ac0000 - 0x0000000069ae4000 	C:\Program Files\NetBeans-17\netbeans\java\maven\lib\jansi-native\Windows\x86_64\jansi.dll
0x00007ffa87140000 - 0x00007ffa87150000 	C:\Program Files\Java\jdk-17\bin\verify.dll

dbghelp: loaded successfully - version: 4.0.5 - missing functions: none
symbol engine: initialized successfully - sym options: 0x614 - pdb path: .;C:\Program Files\Java\jdk-17\bin;C:\Windows\SYSTEM32;C:\Windows\WinSxS\amd64_microsoft.windows.common-controls_6595b64144ccf1df_6.0.22621.3672_none_2713b9d173822955;C:\Program Files\Java\jdk-17\bin\server;C:\Program Files\NetBeans-17\netbeans\java\maven\lib\jansi-native\Windows\x86_64

VM Arguments:
jvm_args: -Dclassworlds.conf=C:\Program Files\NetBeans-17\netbeans\java\maven\bin\m2.conf -Dmaven.home=C:\Program Files\NetBeans-17\netbeans\java\maven -Dlibrary.jansi.path=C:\Program Files\NetBeans-17\netbeans\java\maven\lib\jansi-native -Dmaven.multiModuleProjectDirectory=C:\Users\JEFFERSON ALQUINGA\Documents\NetBeansProjects\SistemaDeRolesyPermisos 
java_command: org.codehaus.plexus.classworlds.launcher.Launcher -Dexec.vmArgs= -Dexec.args=${exec.vmArgs} -classpath %classpath ${exec.mainClass} ${exec.appArgs} -Dexec.appArgs= -Dexec.mainClass=com.mycompany.sistemaderolesypermisos.SistemaDeRolesyPermisos -Dexec.executable=C:\Program Files\Java\jdk-17\bin\java.exe -Dmaven.ext.class.path=C:\Program Files\NetBeans-17\netbeans\java\maven-nblib\netbeans-eventspy.jar -Dfile.encoding=UTF-8 --no-transfer-progress org.codehaus.mojo:exec-maven-plugin:3.1.0:exec
java_class_path (initial): C:\Program Files\NetBeans-17\netbeans\java\maven\boot\plexus-classworlds-2.6.0.jar
Launcher Type: SUN_STANDARD

[Global flags]
     intx CICompilerCount                          = 12                                        {product} {ergonomic}
     uint ConcGCThreads                            = 3                                         {product} {ergonomic}
     uint G1ConcRefinementThreads                  = 13                                        {product} {ergonomic}
   size_t G1HeapRegionSize                         = 4194304                                   {product} {ergonomic}
    uintx GCDrainStackTargetSize                   = 64                                        {product} {ergonomic}
   size_t InitialHeapSize                          = 402653184                                 {product} {ergonomic}
   size_t MarkStackSize                            = 4194304                                   {product} {ergonomic}
   size_t MaxHeapSize                              = 6383730688                                {product} {ergonomic}
   size_t MaxNewSize                               = 3829399552                                {product} {ergonomic}
   size_t MinHeapDeltaBytes                        = 4194304                                   {product} {ergonomic}
   size_t MinHeapSize                              = 8388608                                   {product} {ergonomic}
    uintx NonNMethodCodeHeapSize                   = 7602480                                {pd product} {ergonomic}
    uintx NonProfiledCodeHeapSize                  = 122027880                              {pd product} {ergonomic}
    uintx ProfiledCodeHeapSize                     = 122027880                              {pd product} {ergonomic}
    uintx ReservedCodeCacheSize                    = 251658240                              {pd product} {ergonomic}
     bool SegmentedCodeCache                       = true                                      {product} {ergonomic}
   size_t SoftMaxHeapSize                          = 6383730688                             {manageable} {ergonomic}
     bool UseCompressedClassPointers               = true                           {product lp64_product} {ergonomic}
     bool UseCompressedOops                        = true                           {product lp64_product} {ergonomic}
     bool UseG1GC                                  = true                                      {product} {ergonomic}
     bool UseLargePagesIndividualAllocation        = false                                  {pd product} {ergonomic}

Logging:
Log output configuration:
 #0: stdout all=warning uptime,level,tags
 #1: stderr all=off uptime,level,tags

Environment Variables:
JAVA_HOME=C:\Program Files\Java\jdk-17
PATH=C:\Python312\Scripts\;C:\Python312\;C:\Program Files\Common Files\Oracle\Java\javapath;C:\Windows\system32;C:\Windows;C:\Windows\System32\Wbem;C:\Windows\System32\WindowsPowerShell\v1.0\;C:\Windows\System32\OpenSSH\;C:\Program Files (x86)\NVIDIA Corporation\PhysX\Common;C:\Program Files\NVIDIA Corporation\NVIDIA NvDLISR;C:\Program Files\Git\cmd;C:\\xampp\\php\\php.exe;C:\xampp\php;C:\Program Files\nodejs\;C:\ProgramData\chocolatey\bin;C:\Users\JEFFERSON ALQUINGA\AppData\Local\Microsoft\WindowsApps;C:\Users\JEFFERSON ALQUINGA\AppData\Local\Programs\Microsoft VS Code\bin;C:\\xampp\\php\\php.exe;C:\Users\JEFFERSON ALQUINGA\AppData\Local\Microsoft\WinGet\Packages\Schniz.fnm_Microsoft.Winget.Source_8wekyb3d8bbwe;C:\Users\JEFFERSON ALQUINGA\AppData\Roaming\npm;C:\Users\JEFFERSON ALQUINGA\AppData\Local\GitHubDesktop\bin
USERNAME=JEFFERSON ALQUINGA
OS=Windows_NT
PROCESSOR_IDENTIFIER=Intel64 Family 6 Model 141 Stepping 1, GenuineIntel



---------------  S Y S T E M  ---------------

OS:
 Windows 11 , 64 bit Build 22621 (10.0.22621.3958)
OS uptime: 1 days 6:42 hours
Hyper-V role detected

CPU: total 16 (initial active 16) (8 cores per cpu, 2 threads per core) family 6 model 141 stepping 1 microcode 0x50, cx8, cmov, fxsr, ht, mmx, 3dnowpref, sse, sse2, sse3, ssse3, sse4.1, sse4.2, popcnt, lzcnt, tsc, tscinvbit, avx, avx2, aes, erms, clmul, bmi1, bmi2, adx, avx512f, avx512dq, avx512cd, avx512bw, avx512vl, sha, fma, vzeroupper, avx512_vpopcntdq, avx512_vpclmulqdq, avx512_vaes, avx512_vnni, clflush, clflushopt, clwb, avx512_vbmi2, avx512_vbmi, hv

Memory: 4k page, system-wide physical 24343M (11120M free)
TotalPageFile size 26343M (AvailPageFile size 0M)
current process WorkingSet (physical memory assigned to process): 105M, peak: 127M
current process commit charge ("private bytes"): 516M, peak: 535M

vm_info: Java HotSpot(TM) 64-Bit Server VM (17.0.12+8-LTS-286) for windows-amd64 JRE (17.0.12+8-LTS-286), built on Jun  5 2024 06:46:59 by "mach5one" with MS VC++ 17.6 (VS2022)

END.
