#
# There is insufficient memory for the Java Runtime Environment to continue.
# Native memory allocation (mmap) failed to map 402653184 bytes for G1 virtual space
# Possible reasons:
#   The system is out of physical RAM or swap space
#   The process is running with CompressedOops enabled, and the Java Heap may be blocking the growth of the native heap
# Possible solutions:
#   Reduce memory load on the system
#   Increase physical memory or swap space
#   Check if swap backing store is full
#   Decrease Java heap size (-Xmx/-Xms)
#   Decrease number of Java threads
#   Decrease Java thread stack sizes (-Xss)
#   Set larger code cache with -XX:ReservedCodeCacheSize=
#   JVM is running with Zero Based Compressed Oops mode in which the Java heap is
#     placed in the first 32GB address space. The Java Heap base address is the
#     maximum limit for the native heap growth. Please use -XX:HeapBaseMinAddress
#     to set the Java Heap base and to place the Java Heap above 32GB virtual address.
# This output file may be truncated or incomplete.
#
#  Out of Memory Error (os_windows.cpp:3548), pid=22144, tid=18140
#
# JRE version:  (17.0.12+8) (build )
# Java VM: Java HotSpot(TM) 64-Bit Server VM (17.0.12+8-LTS-286, mixed mode, sharing, tiered, compressed oops, compressed class ptrs, g1 gc, windows-amd64)
# No core dump will be written. Minidumps are not enabled by default on client versions of Windows
#

---------------  S U M M A R Y ------------

Command Line: com.mycompany.sistemaderolesypermisos.SistemaDeRolesyPermisos

Host: 11th Gen Intel(R) Core(TM) i7-11800H @ 2.30GHz, 16 cores, 23G,  Windows 11 , 64 bit Build 22621 (10.0.22621.3958)
Time: Thu Oct 24 19:49:57 2024 SA Pacific Standard Time elapsed time: 0.011948 seconds (0d 0h 0m 0s)

---------------  T H R E A D  ---------------

Current thread (0x00000268dd6aa7b0):  JavaThread "Unknown thread" [_thread_in_vm, id=18140, stack(0x000000a6a7600000,0x000000a6a7700000)]

Stack: [0x000000a6a7600000,0x000000a6a7700000]
Native frames: (J=compiled Java code, j=interpreted, Vv=VM code, C=native code)
V  [jvm.dll+0x67a04a]
V  [jvm.dll+0x7da4ed]
V  [jvm.dll+0x7dbe33]
V  [jvm.dll+0x7dc4a3]
V  [jvm.dll+0x24508f]
V  [jvm.dll+0x677089]
V  [jvm.dll+0x66bd32]
V  [jvm.dll+0x301fa6]
V  [jvm.dll+0x309546]
V  [jvm.dll+0x359d2e]
V  [jvm.dll+0x359f5f]
V  [jvm.dll+0x2d9078]
V  [jvm.dll+0x2d9fe4]
V  [jvm.dll+0x7aca21]
V  [jvm.dll+0x367591]
V  [jvm.dll+0x78b999]
V  [jvm.dll+0x3ec83f]
V  [jvm.dll+0x3ee471]
C  [jli.dll+0x5297]
C  [ucrtbase.dll+0x29333]
C  [KERNEL32.DLL+0x1257d]
C  [ntdll.dll+0x5af08]


---------------  P R O C E S S  ---------------

Threads class SMR info:
_java_thread_list=0x00007ffa15cb7a18, length=0, elements={
}

Java Threads: ( => current thread )

Other Threads:
  0x00000268dd844090 GCTaskThread "GC Thread#0" [stack: 0x000000a6a7700000,0x000000a6a7800000] [id=3288]
  0x00000268dd850d20 ConcurrentGCThread "G1 Main Marker" [stack: 0x000000a6a7800000,0x000000a6a7900000] [id=3116]
  0x00000268dd851630 ConcurrentGCThread "G1 Conc#0" [stack: 0x000000a6a7900000,0x000000a6a7a00000] [id=14876]

[error occurred during error reporting (printing all threads), id 0xc0000005, EXCEPTION_ACCESS_VIOLATION (0xc0000005) at pc=0x00007ffa154e9b67]

VM state: not at safepoint (not fully initialized)

VM Mutex/Monitor currently owned by a thread:  ([mutex/lock_event])
[0x00000268dd7b8e10] Heap_lock - owner thread: 0x00000268dd6aa7b0

Heap address: 0x0000000683800000, size: 6088 MB, Compressed Oops mode: Zero based, Oop shift amount: 3

CDS archive(s) mapped at: [0x0000000000000000-0x0000000000000000-0x0000000000000000), size 0, SharedBaseAddress: 0x0000000800000000, ArchiveRelocationMode: 1.
Narrow klass base: 0x0000000000000000, Narrow klass shift: 0, Narrow klass range: 0x0

GC Precious Log:
<Empty>

Heap:
 garbage-first heap   total 0K, used 0K [0x0000000683800000, 0x0000000800000000)
  region size 4096K, 0 young (0K), 0 survivors (0K)

[error occurred during error reporting (printing heap information), id 0xc0000005, EXCEPTION_ACCESS_VIOLATION (0xc0000005) at pc=0x00007ffa158d3859]

GC Heap History (0 events):
No events

Deoptimization events (0 events):
No events

Classes unloaded (0 events):
No events

Classes redefined (0 events):
No events

Internal exceptions (0 events):
No events

VM Operations (0 events):
No events

Events (1 events):
Event: 0.005 Loaded shared library C:\Program Files\Java\jdk-17\bin\java.dll


Dynamic libraries:
0x00007ff7aedd0000 - 0x00007ff7aede0000 	C:\Program Files\Java\jdk-17\bin\java.exe
0x00007ffaad3d0000 - 0x00007ffaad5e7000 	C:\Windows\SYSTEM32\ntdll.dll
0x00007ffaabb20000 - 0x00007ffaabbe4000 	C:\Windows\System32\KERNEL32.DLL
0x00007ffaaa970000 - 0x00007ffaaad27000 	C:\Windows\System32\KERNELBASE.dll
0x00007ffaaa6e0000 - 0x00007ffaaa7f1000 	C:\Windows\System32\ucrtbase.dll
0x00007ffa89190000 - 0x00007ffa891ab000 	C:\Program Files\Java\jdk-17\bin\VCRUNTIME140.dll
0x00007ffa9d760000 - 0x00007ffa9d779000 	C:\Program Files\Java\jdk-17\bin\jli.dll
0x00007ffaab360000 - 0x00007ffaab412000 	C:\Windows\System32\ADVAPI32.dll
0x00007ffaac9a0000 - 0x00007ffaaca47000 	C:\Windows\System32\msvcrt.dll
0x00007ffaab810000 - 0x00007ffaab8b8000 	C:\Windows\System32\sechost.dll
0x00007ffaaafb0000 - 0x00007ffaaafd8000 	C:\Windows\System32\bcrypt.dll
0x00007ffaac5c0000 - 0x00007ffaac6d4000 	C:\Windows\System32\RPCRT4.dll
0x00007ffaab100000 - 0x00007ffaab2af000 	C:\Windows\System32\USER32.dll
0x00007ffaaaf10000 - 0x00007ffaaaf36000 	C:\Windows\System32\win32u.dll
0x00007ffa9cae0000 - 0x00007ffa9cd73000 	C:\Windows\WinSxS\amd64_microsoft.windows.common-controls_6595b64144ccf1df_6.0.22621.3672_none_2713b9d173822955\COMCTL32.dll
0x00007ffaab310000 - 0x00007ffaab339000 	C:\Windows\System32\GDI32.dll
0x00007ffaaafe0000 - 0x00007ffaab0f8000 	C:\Windows\System32\gdi32full.dll
0x00007ffaaadb0000 - 0x00007ffaaae4a000 	C:\Windows\System32\msvcp_win.dll
0x00007ffaa69a0000 - 0x00007ffaa69aa000 	C:\Windows\SYSTEM32\VERSION.dll
0x00007ffaabae0000 - 0x00007ffaabb11000 	C:\Windows\System32\IMM32.DLL
0x00007ffa8ba00000 - 0x00007ffa8ba0c000 	C:\Program Files\Java\jdk-17\bin\vcruntime140_1.dll
0x00007ffa52be0000 - 0x00007ffa52c6e000 	C:\Program Files\Java\jdk-17\bin\msvcp140.dll
0x00007ffa15200000 - 0x00007ffa15de0000 	C:\Program Files\Java\jdk-17\bin\server\jvm.dll
0x00007ffaab450000 - 0x00007ffaab458000 	C:\Windows\System32\PSAPI.DLL
0x00007ffa940e0000 - 0x00007ffa940e9000 	C:\Windows\SYSTEM32\WSOCK32.dll
0x00007ffa9ea10000 - 0x00007ffa9ea44000 	C:\Windows\SYSTEM32\WINMM.dll
0x00007ffaac770000 - 0x00007ffaac7e1000 	C:\Windows\System32\WS2_32.dll
0x00007ffaa97e0000 - 0x00007ffaa97f8000 	C:\Windows\SYSTEM32\kernel.appcore.dll
0x00007ffa89140000 - 0x00007ffa8914a000 	C:\Program Files\Java\jdk-17\bin\jimage.dll
0x00007ffaa7bb0000 - 0x00007ffaa7de2000 	C:\Windows\SYSTEM32\DBGHELP.DLL
0x00007ffaab480000 - 0x00007ffaab80e000 	C:\Windows\System32\combase.dll
0x00007ffaacd30000 - 0x00007ffaace07000 	C:\Windows\System32\OLEAUT32.dll
0x00007ffa800a0000 - 0x00007ffa800d2000 	C:\Windows\SYSTEM32\dbgcore.DLL
0x00007ffaaad30000 - 0x00007ffaaadab000 	C:\Windows\System32\bcryptPrimitives.dll
0x00007ffa60c30000 - 0x00007ffa60c55000 	C:\Program Files\Java\jdk-17\bin\java.dll

dbghelp: loaded successfully - version: 4.0.5 - missing functions: none
symbol engine: initialized successfully - sym options: 0x614 - pdb path: .;C:\Program Files\Java\jdk-17\bin;C:\Windows\SYSTEM32;C:\Windows\WinSxS\amd64_microsoft.windows.common-controls_6595b64144ccf1df_6.0.22621.3672_none_2713b9d173822955;C:\Program Files\Java\jdk-17\bin\server

VM Arguments:
java_command: com.mycompany.sistemaderolesypermisos.SistemaDeRolesyPermisos
java_class_path (initial): C:\Users\JEFFERSON ALQUINGA\Documents\NetBeansProjects\SistemaDeRolesyPermisos\target\classes;C:\Users\JEFFERSON ALQUINGA\.m2\repository\com\mysql\mysql-connector-j\8.0.33\mysql-connector-j-8.0.33.jar;C:\Users\JEFFERSON ALQUINGA\.m2\repository\com\google\protobuf\protobuf-java\3.21.9\protobuf-java-3.21.9.jar;C:\Users\JEFFERSON ALQUINGA\.m2\repository\org\eclipse\persistence\org.eclipse.persistence.core\2.7.10\org.eclipse.persistence.core-2.7.10.jar;C:\Users\JEFFERSON ALQUINGA\.m2\repository\org\eclipse\persistence\org.eclipse.persistence.asm\9.2.0\org.eclipse.persistence.asm-9.2.0.jar;C:\Users\JEFFERSON ALQUINGA\.m2\repository\org\eclipse\persistence\org.eclipse.persistence.antlr\2.7.10\org.eclipse.persistence.antlr-2.7.10.jar;C:\Users\JEFFERSON ALQUINGA\.m2\repository\org\eclipse\persistence\org.eclipse.persistence.jpa\2.7.10\org.eclipse.persistence.jpa-2.7.10.jar;C:\Users\JEFFERSON ALQUINGA\.m2\repository\org\eclipse\persistence\org.eclipse.persistence.jpa.jpql\2.7.10\org.eclipse.persistence.jpa.jpql-2.7.10.jar;C:\Users\JEFFERSON ALQUINGA\.m2\repository\org\eclipse\persistence\org.eclipse.persistence.moxy\2.7.10\org.eclipse.persistence.moxy-2.7.10.jar;C:\Users\JEFFERSON ALQUINGA\.m2\repository\org\eclipse\persistence\jakarta.persistence\2.2.3\jakarta.persistence-2.2.3.jar
Launcher Type: SUN_STANDARD

[Global flags]
     intx CICompilerCount                          = 12                                        {product} {ergonomic}
     uint ConcGCThreads                            = 3                                         {product} {ergonomic}
     uint G1ConcRefinementThreads                  = 13                                        {product} {ergonomic}
   size_t G1HeapRegionSize                         = 4194304                                   {product} {ergonomic}
    uintx GCDrainStackTargetSize                   = 64                                        {product} {ergonomic}
   size_t InitialHeapSize                          = 402653184                                 {product} {ergonomic}
   size_t MarkStackSize                            = 4194304                                   {product} {ergonomic}
   size_t MaxHeapSize                              = 6383730688                                {product} {ergonomic}
   size_t MinHeapDeltaBytes                        = 4194304                                   {product} {ergonomic}
   size_t MinHeapSize                              = 8388608                                   {product} {ergonomic}
    uintx NonNMethodCodeHeapSize                   = 7602480                                {pd product} {ergonomic}
    uintx NonProfiledCodeHeapSize                  = 122027880                              {pd product} {ergonomic}
    uintx ProfiledCodeHeapSize                     = 122027880                              {pd product} {ergonomic}
    uintx ReservedCodeCacheSize                    = 251658240                              {pd product} {ergonomic}
     bool SegmentedCodeCache                       = true                                      {product} {ergonomic}
   size_t SoftMaxHeapSize                          = 6383730688                             {manageable} {ergonomic}
     bool UseCompressedClassPointers               = true                           {product lp64_product} {ergonomic}
     bool UseCompressedOops                        = true                           {product lp64_product} {ergonomic}
     bool UseG1GC                                  = true                                      {product} {ergonomic}
     bool UseLargePagesIndividualAllocation        = false                                  {pd product} {ergonomic}

Logging:
Log output configuration:
 #0: stdout all=warning uptime,level,tags
 #1: stderr all=off uptime,level,tags

Environment Variables:
JAVA_HOME=C:\Program Files\Java\jdk-17
PATH=C:\Python312\Scripts\;C:\Python312\;C:\Program Files\Common Files\Oracle\Java\javapath;C:\Windows\system32;C:\Windows;C:\Windows\System32\Wbem;C:\Windows\System32\WindowsPowerShell\v1.0\;C:\Windows\System32\OpenSSH\;C:\Program Files (x86)\NVIDIA Corporation\PhysX\Common;C:\Program Files\NVIDIA Corporation\NVIDIA NvDLISR;C:\Program Files\Git\cmd;C:\\xampp\\php\\php.exe;C:\xampp\php;C:\Program Files\nodejs\;C:\ProgramData\chocolatey\bin;C:\Users\JEFFERSON ALQUINGA\AppData\Local\Microsoft\WindowsApps;C:\Users\JEFFERSON ALQUINGA\AppData\Local\Programs\Microsoft VS Code\bin;C:\\xampp\\php\\php.exe;C:\Users\JEFFERSON ALQUINGA\AppData\Local\Microsoft\WinGet\Packages\Schniz.fnm_Microsoft.Winget.Source_8wekyb3d8bbwe;C:\Users\JEFFERSON ALQUINGA\AppData\Roaming\npm;C:\Users\JEFFERSON ALQUINGA\AppData\Local\GitHubDesktop\bin
USERNAME=JEFFERSON ALQUINGA
OS=Windows_NT
PROCESSOR_IDENTIFIER=Intel64 Family 6 Model 141 Stepping 1, GenuineIntel



---------------  S Y S T E M  ---------------

OS:
 Windows 11 , 64 bit Build 22621 (10.0.22621.3958)
OS uptime: 1 days 7:53 hours
Hyper-V role detected

CPU: total 16 (initial active 16) (8 cores per cpu, 2 threads per core) family 6 model 141 stepping 1 microcode 0x50, cx8, cmov, fxsr, ht, mmx, 3dnowpref, sse, sse2, sse3, ssse3, sse4.1, sse4.2, popcnt, lzcnt, tsc, tscinvbit, avx, avx2, aes, erms, clmul, bmi1, bmi2, adx, avx512f, avx512dq, avx512cd, avx512bw, avx512vl, sha, fma, vzeroupper, avx512_vpopcntdq, avx512_vpclmulqdq, avx512_vaes, avx512_vnni, clflush, clflushopt, clwb, avx512_vbmi2, avx512_vbmi, hv

Memory: 4k page, system-wide physical 24343M (12313M free)
TotalPageFile size 26343M (AvailPageFile size 152M)
current process WorkingSet (physical memory assigned to process): 11M, peak: 11M
current process commit charge ("private bytes"): 70M, peak: 454M

vm_info: Java HotSpot(TM) 64-Bit Server VM (17.0.12+8-LTS-286) for windows-amd64 JRE (17.0.12+8-LTS-286), built on Jun  5 2024 06:46:59 by "mach5one" with MS VC++ 17.6 (VS2022)

END.
